FILE_TYPE=LIBRARY_PARTS;
primitive 'S28HL512TFPBHI010_SMD';
  pin
    'DNU'<2>:
      PIN_NUMBER='(B1)';
      PINUSE='UNSPEC';
      NO_LOAD_CHECK='Both';
      NO_IO_CHECK='Both';
      NO_ASSERT_CHECK='TRUE';
      NO_DIR_CHECK='TRUE';
      ALLOW_CONNECT='TRUE';
    'VSSQ'<0>:
      PIN_NUMBER='(C1)';
      PINUSE='GROUND';
      NO_LOAD_CHECK='Both';
      NO_IO_CHECK='Both';
      NO_ASSERT_CHECK='TRUE';
      NO_DIR_CHECK='TRUE';
      ALLOW_CONNECT='TRUE';
    'VCCQ'<0>:
      PIN_NUMBER='(D1)';
      PINUSE='POWER';
      NO_LOAD_CHECK='Both';
      NO_IO_CHECK='Both';
      NO_ASSERT_CHECK='TRUE';
      NO_DIR_CHECK='TRUE';
      ALLOW_CONNECT='TRUE';
    'DQ7':
      PIN_NUMBER='(E1)';
      BIDIRECTIONAL='TRUE';
      INPUT_LOAD='(-0.01,0.01)';
      OUTPUT_LOAD='(1.0,-1.0)';
    'DNU'<0>:
      PIN_NUMBER='(A2)';
      PINUSE='UNSPEC';
      NO_LOAD_CHECK='Both';
      NO_IO_CHECK='Both';
      NO_ASSERT_CHECK='TRUE';
      NO_DIR_CHECK='TRUE';
      ALLOW_CONNECT='TRUE';
    'CK':
      PIN_NUMBER='(B2)';
      INPUT_LOAD='(-0.01,0.01)';
    'CS#':
      PIN_NUMBER='(C2)';
      INPUT_LOAD='(-0.01,0.01)';
    'DQ1':
      PIN_NUMBER='(D2)';
      BIDIRECTIONAL='TRUE';
      INPUT_LOAD='(-0.01,0.01)';
      OUTPUT_LOAD='(1.0,-1.0)';
    'DQ6':
      PIN_NUMBER='(E2)';
      BIDIRECTIONAL='TRUE';
      INPUT_LOAD='(-0.01,0.01)';
      OUTPUT_LOAD='(1.0,-1.0)';
    'DNU'<1>:
      PIN_NUMBER='(A3)';
      PINUSE='UNSPEC';
      NO_LOAD_CHECK='Both';
      NO_IO_CHECK='Both';
      NO_ASSERT_CHECK='TRUE';
      NO_DIR_CHECK='TRUE';
      ALLOW_CONNECT='TRUE';
    'VSS':
      PIN_NUMBER='(B3)';
      PINUSE='GROUND';
      NO_LOAD_CHECK='Both';
      NO_IO_CHECK='Both';
      NO_ASSERT_CHECK='TRUE';
      NO_DIR_CHECK='TRUE';
      ALLOW_CONNECT='TRUE';
    'DS':
      PIN_NUMBER='(C3)';
      OUTPUT_LOAD='(1.0,-1.0)';
    'DQ0':
      PIN_NUMBER='(D3)';
      BIDIRECTIONAL='TRUE';
      INPUT_LOAD='(-0.01,0.01)';
      OUTPUT_LOAD='(1.0,-1.0)';
    'DQ5':
      PIN_NUMBER='(E3)';
      BIDIRECTIONAL='TRUE';
      INPUT_LOAD='(-0.01,0.01)';
      OUTPUT_LOAD='(1.0,-1.0)';
    'RESET#':
      PIN_NUMBER='(A4)';
      INPUT_LOAD='(-0.01,0.01)';
    'VCC':
      PIN_NUMBER='(B4)';
      PINUSE='POWER';
      NO_LOAD_CHECK='Both';
      NO_IO_CHECK='Both';
      NO_ASSERT_CHECK='TRUE';
      NO_DIR_CHECK='TRUE';
      ALLOW_CONNECT='TRUE';
    'DQ2':
      PIN_NUMBER='(C4)';
      BIDIRECTIONAL='TRUE';
      INPUT_LOAD='(-0.01,0.01)';
      OUTPUT_LOAD='(1.0,-1.0)';
    'DQ3':
      PIN_NUMBER='(D4)';
      BIDIRECTIONAL='TRUE';
      INPUT_LOAD='(-0.01,0.01)';
      OUTPUT_LOAD='(1.0,-1.0)';
    'VCCQ'<1>:
      PIN_NUMBER='(E4)';
      PINUSE='POWER';
      NO_LOAD_CHECK='Both';
      NO_IO_CHECK='Both';
      NO_ASSERT_CHECK='TRUE';
      NO_DIR_CHECK='TRUE';
      ALLOW_CONNECT='TRUE';
    'INT#':
      PIN_NUMBER='(A5)';
      OUTPUT_LOAD='(1.0,-1.0)';
    'DNU'<3>:
      PIN_NUMBER='(B5)';
      PINUSE='UNSPEC';
      NO_LOAD_CHECK='Both';
      NO_IO_CHECK='Both';
      NO_ASSERT_CHECK='TRUE';
      NO_DIR_CHECK='TRUE';
      ALLOW_CONNECT='TRUE';
    'DNU'<4>:
      PIN_NUMBER='(C5)';
      PINUSE='UNSPEC';
      NO_LOAD_CHECK='Both';
      NO_IO_CHECK='Both';
      NO_ASSERT_CHECK='TRUE';
      NO_DIR_CHECK='TRUE';
      ALLOW_CONNECT='TRUE';
    'DQ4':
      PIN_NUMBER='(D5)';
      BIDIRECTIONAL='TRUE';
      INPUT_LOAD='(-0.01,0.01)';
      OUTPUT_LOAD='(1.0,-1.0)';
    'VSSQ'<1>:
      PIN_NUMBER='(E5)';
      PINUSE='GROUND';
      NO_LOAD_CHECK='Both';
      NO_IO_CHECK='Both';
      NO_ASSERT_CHECK='TRUE';
      NO_DIR_CHECK='TRUE';
      ALLOW_CONNECT='TRUE';
  end_pin;
  body
    PART_NAME='S28HL512TFPBHI010';
    BODY_NAME='S28HL512TFPBHI010';
    PHYS_DES_PREFIX='IC';
    CLASS='IC';
    CDS_LMAN_UNMAPPED_PHYS_PIN='(1B,1C,1D,1E,2A,2B,2C,2D,2E,3A,3B,3C,3D,3E,4A,4B,4C,4D,4E,5A,5B,5C,5D,5E)';
  end_body;
end_primitive;

END.
