(Cell	double_row_20

	(RevisionInfoBlock	

		(Baselined	1)

		(Revision	1.0.0)

		(ModificationStatus	NULL)

		(Status	Baselined)

		(ErrorStatus	0)

		(CreateInfo	

			(Time	04/20/12,11:53:11)

			(User	cdsadmin3)

			(Path	con_160_b_to_b.double_row_20)

		)

		(LastModifyInfo	

			(Time	04/20/12,11:53:11)

			(User	cdsadmin3)

			(Path	con_160_b_to_b.double_row_20)

		)

	)

	(Views	

		(View	Symbol

			(Symbols	2

				(Symbol	sym_2

					(Symbol_Type	Normal)

					(Max_Size	0)

					(Checksum	000000002851deaf)

					(RevisionInfoBlock	

						(Baselined	1)

						(Revision	1.0.0)

						(ModificationStatus	NULL)

						(Status	Baselined)

						(ErrorStatus	0)

						(CreateInfo	

							(Time	04/20/12,11:53:11)

							(User	cdsadmin3)

							(Path	con_160_b_to_b.double_row_20)

						)

					)

				)

				(Symbol	sym_1

					(Symbol_Type	Normal)

					(Max_Size	0)

					(Checksum	000000006a0adbf5)

					(RevisionInfoBlock	

						(Baselined	1)

						(Revision	1.0.0)

						(ModificationStatus	NULL)

						(Status	Baselined)

						(ErrorStatus	0)

						(CreateInfo	

							(Time	04/20/12,11:53:11)

							(User	cdsadmin3)

							(Path	con_160_b_to_b.double_row_20)

						)

					)

				)

			)

			(Checksum	000000001cc403dc)

		)

		(View	Chips

			(Checksum	00000000729fbe1a)

			(Primitives	1

				(Primitive	DOUBLE_ROW_20_SMD

					(RevisionInfoBlock	

						(Baselined	1)

						(Revision	1.0.0)

						(ModificationStatus	NULL)

						(Status	Baselined)

						(ErrorStatus	0)

						(CreateInfo	

							(Time	04/20/12,11:53:11)

							(User	cdsadmin3)

							(Path	con_160_b_to_b.double_row_20)

						)

					)

					(LogicalPhysicalPartRelation	

						(LogicalPart	DOUBLE_ROW_20

							(PackType	DOUBLE_ROW_20_SMD)

							(PackType	DOUBLE_ROW_20_THT)

							(PackType	DOUBLE_ROW_20)

						)

					)

					(Packages	3

						(FunctionGroups	1

							(FunctionGroup	1[1]

								(Linkages	

									(Linkage	Symbol

										(Name	sym_2)

									)

									(Linkage	Symbol

										(Name	sym_1)

									)

								)

							)

						)

					)

				)

			)

		)

		(Checksum	000000001cbe03b8)

	)

	(VersionInfoBlock	

		(ToolName	PDV)

		(Version	16.5-S003 (v16-5-13M))

		(License	PCB_librarian_expert)

	)

	(Checksum	000000001da703d9)

)


