(Cell	cap

	(RevisionInfoBlock	

		(Baselined	1)

		(Revision	1.0.0)

		(ModificationStatus	NULL)

		(Status	Baselined)

		(ErrorStatus	0)

		(CreateInfo	

			(Time	04/17/12,09:08:43)

			(User	romesr)

			(Path	pas_151_capacitor.cap)

		)

		(LastModifyInfo	

			(Time	03/26/12,15:37:24)

			(User	romesr)

			(Path	pas_151_capacitor.testrr2cap)

		)

	)

	(Views	

		(View	Symbol

			(Symbols	4

				(Symbol	sym_4

					(Symbol_Type	Normal)

					(Max_Size	0)

					(Checksum	0000000027c54d0d)

					(RevisionInfoBlock	

						(Baselined	1)

						(Revision	1.0.0)

						(ModificationStatus	NULL)

						(Status	Baselined)

						(ErrorStatus	0)

						(CreateInfo	

							(Time	04/17/12,09:08:43)

							(User	romesr)

							(Path	pas_151_capacitor.cap)

						)

					)

				)

				(Symbol	sym_3

					(Symbol_Type	Normal)

					(Max_Size	0)

					(Checksum	000000003dc54bed)

					(RevisionInfoBlock	

						(Baselined	1)

						(Revision	1.0.0)

						(ModificationStatus	NULL)

						(Status	Baselined)

						(ErrorStatus	0)

						(CreateInfo	

							(Time	04/17/12,09:08:43)

							(User	romesr)

							(Path	pas_151_capacitor.cap)

						)

					)

				)

				(Symbol	sym_2

					(Symbol_Type	Normal)

					(Max_Size	0)

					(Checksum	0000000039da4bcd)

					(RevisionInfoBlock	

						(Baselined	1)

						(Revision	1.0.0)

						(ModificationStatus	NULL)

						(Status	Baselined)

						(ErrorStatus	0)

						(CreateInfo	

							(Time	04/17/12,09:08:43)

							(User	romesr)

							(Path	pas_151_capacitor.cap)

						)

					)

				)

				(Symbol	sym_1

					(Symbol_Type	Normal)

					(Max_Size	0)

					(Checksum	000000003b464bcf)

					(RevisionInfoBlock	

						(Baselined	1)

						(Revision	1.0.0)

						(ModificationStatus	NULL)

						(Status	Baselined)

						(ErrorStatus	0)

						(CreateInfo	

							(Time	04/17/12,09:08:43)

							(User	romesr)

							(Path	pas_151_capacitor.cap)

						)

					)

				)

			)

			(Checksum	000000001ecb03db)

		)

		(View	Chips

			(Checksum	00000000884669e5)

			(Primitives	1

				(Primitive	CAP_SMD

					(RevisionInfoBlock	

						(Baselined	1)

						(Revision	1.0.0)

						(ModificationStatus	NULL)

						(Status	Baselined)

						(ErrorStatus	0)

						(CreateInfo	

							(Time	04/17/12,09:08:43)

							(User	romesr)

							(Path	pas_151_capacitor.cap)

						)

					)

					(LogicalPhysicalPartRelation	

						(LogicalPart	CAP

							(PackType	CAP_SMD)

						)

					)

					(Packages	1

						(FunctionGroups	1

							(FunctionGroup	1[1]

								(Linkages	

									(Linkage	Symbol

										(Name	sym_4)

									)

									(Linkage	Symbol

										(Name	sym_3)

									)

									(Linkage	Symbol

										(Name	sym_2)

									)

									(Linkage	Symbol

										(Name	sym_1)

									)

								)

							)

						)

					)

				)

			)

		)

		(Checksum	000000001c6e03a8)

	)

	(VersionInfoBlock	

		(ToolName	PDV)

		(Version	16.5-S003 (v16-5-13M))

		(License	PCB_librarian_expert)

	)

	(Checksum	000000001c9d03ac)

)


