(Cell	vcc_bar

	(RevisionInfoBlock	

		(Baselined	1)

		(Revision	1.0.0)

		(ModificationStatus	NULL)

		(Status	Baselined)

		(ErrorStatus	0)

		(CreateInfo	

			(Time	03/06/05,17:25:31)

			(User	sureshg)

			(Path	standard.vcc_bar)

		)

	)

	(Views	

		(View	Symbol

			(Symbols	1

				(Symbol	sym_1

					(Symbol_Type	Normal)

					(Max_Size	0)

					(Checksum	0000000092c42e05)

					(RevisionInfoBlock	

						(Baselined	1)

						(Revision	1.0.0)

						(ModificationStatus	NULL)

						(Status	Baselined)

						(ErrorStatus	0)

						(CreateInfo	

							(Time	03/06/05,17:25:31)

							(User	sureshg)

							(Path	standard.vcc_bar)

						)

					)

				)

			)

			(Checksum	000000001bd8037f)

		)

		(Checksum	000000001ca303b0)

	)

	(VersionInfoBlock	

		(ToolName	PDV)

		(Version	15.50-d030)

		(License	PCB_librarian_expert)

	)

	(Checksum	000000001c9f039e)

)


