(Cell	single_row_10

	(RevisionInfoBlock	

		(Baselined	1)

		(Revision	1.0.0)

		(ModificationStatus	NULL)

		(Status	Baselined)

		(ErrorStatus	0)

		(CreateInfo	

			(Time	04/25/12,16:35:45)

			(User	cdsadmin3)

			(Path	con_160_b_to_b.single_row_10)

		)

	)

	(Views	

		(View	Symbol

			(Symbols	1

				(Symbol	sym_1

					(Symbol_Type	Normal)

					(Max_Size	0)

					(Checksum	00000000fc07e777)

					(RevisionInfoBlock	

						(Baselined	1)

						(Revision	1.0.0)

						(ModificationStatus	NULL)

						(Status	Baselined)

						(ErrorStatus	0)

						(CreateInfo	

							(Time	04/25/12,16:35:45)

							(User	cdsadmin3)

							(Path	con_160_b_to_b.single_row_10)

						)

					)

				)

			)

			(Checksum	000000001dc603bb)

		)

		(View	Chips

			(Checksum	0000000052340907)

			(Primitives	1

				(Primitive	SINGLE_ROW_10_THT

					(RevisionInfoBlock	

						(Baselined	1)

						(Revision	1.0.0)

						(ModificationStatus	NULL)

						(Status	Baselined)

						(ErrorStatus	0)

						(CreateInfo	

							(Time	04/25/12,16:35:45)

							(User	cdsadmin3)

							(Path	con_160_b_to_b.single_row_10)

						)

					)

					(LogicalPhysicalPartRelation	

						(LogicalPart	SINGLE_ROW_10

							(PackType	SINGLE_ROW_10_THT)

							(PackType	SINGLE_ROW_10_SMD)

						)

					)

					(Packages	2

						(FunctionGroups	1

							(FunctionGroup	1[1]

								(Linkages	

									(Linkage	Symbol

										(Name	sym_1)

									)

								)

							)

						)

					)

				)

			)

		)

		(Checksum	000000001e74040c)

	)

	(VersionInfoBlock	

		(ToolName	PDV)

		(Version	16.5-S003 (v16-5-13M))

		(License	PCB_librarian_expert)

	)

	(Checksum	000000001b880379)

)


