	(Comment
		(Time 04/25/12,16:35:45)
		(User cdsadmin3)
		(MsgId ECO_332)
		(Text "Revision for symbol sym_1 has been updated to 1.0.0")
		(Param1 sym_1)
		(Param2 1.0.0)
	)
	(Comment
		(Time 04/25/12,16:35:45)
		(User cdsadmin3)
		(MsgId ECO_333)
		(Text "Revision for package SINGLE_ROW_10_THT has been updated to 1.0.0")
		(Param1 SINGLE_ROW_10_THT)
		(Param2 1.0.0)
	)
	(Comment
		(Time 04/25/12,16:35:45)
		(User cdsadmin3)
		(MsgId ECO_331)
		(Text "Revision for cell single_row_10 has been updated to 1.0.0")
		(Param1 single_row_10)
		(Param2 1.0.0)
	)
