FILE_TYPE=LIBRARY_PARTS;
primitive 'ISSI512MBSDRAM_X16_SMD';
  pin
    'A0':
      PIN_NUMBER='(H7)';
      INPUT_LOAD='(-0.01,0.01)';
    'A1':
      PIN_NUMBER='(H8)';
      INPUT_LOAD='(-0.01,0.01)';
    'A10':
      PIN_NUMBER='(H9)';
      INPUT_LOAD='(-0.01,0.01)';
    'A11':
      PIN_NUMBER='(G2)';
      INPUT_LOAD='(-0.01,0.01)';
    'A12':
      PIN_NUMBER='(G1)';
      INPUT_LOAD='(-0.01,0.01)';
    'A2':
      PIN_NUMBER='(J8)';
      INPUT_LOAD='(-0.01,0.01)';
    'A3':
      PIN_NUMBER='(J7)';
      INPUT_LOAD='(-0.01,0.01)';
    'A4':
      PIN_NUMBER='(J3)';
      INPUT_LOAD='(-0.01,0.01)';
    'A5':
      PIN_NUMBER='(J2)';
      INPUT_LOAD='(-0.01,0.01)';
    'A6':
      PIN_NUMBER='(H3)';
      INPUT_LOAD='(-0.01,0.01)';
    'A7':
      PIN_NUMBER='(H2)';
      INPUT_LOAD='(-0.01,0.01)';
    'A8':
      PIN_NUMBER='(H1)';
      INPUT_LOAD='(-0.01,0.01)';
    'A9':
      PIN_NUMBER='(G3)';
      INPUT_LOAD='(-0.01,0.01)';
    'BA0':
      PIN_NUMBER='(G7)';
      INPUT_LOAD='(-0.01,0.01)';
    'BA1':
      PIN_NUMBER='(G8)';
      INPUT_LOAD='(-0.01,0.01)';
    'CAS':
      PIN_NUMBER='(F7)';
      INPUT_LOAD='(-0.01,0.01)';
    'CKE':
      PIN_NUMBER='(F3)';
      INPUT_LOAD='(-0.01,0.01)';
    'CLK':
      PIN_NUMBER='(F2)';
      INPUT_LOAD='(-0.01,0.01)';
    'CS':
      PIN_NUMBER='(G9)';
      INPUT_LOAD='(-0.01,0.01)';
    'DQ0':
      PIN_NUMBER='(A8)';
      BIDIRECTIONAL='TRUE';
      INPUT_LOAD='(-0.01,0.01)';
      OUTPUT_LOAD='(1.0,-1.0)';
    'DQ1':
      PIN_NUMBER='(B9)';
      BIDIRECTIONAL='TRUE';
      INPUT_LOAD='(-0.01,0.01)';
      OUTPUT_LOAD='(1.0,-1.0)';
    'DQ10':
      PIN_NUMBER='(D1)';
      BIDIRECTIONAL='TRUE';
      INPUT_LOAD='(-0.01,0.01)';
      OUTPUT_LOAD='(1.0,-1.0)';
    'DQ11':
      PIN_NUMBER='(C2)';
      BIDIRECTIONAL='TRUE';
      INPUT_LOAD='(-0.01,0.01)';
      OUTPUT_LOAD='(1.0,-1.0)';
    'DQ12':
      PIN_NUMBER='(C1)';
      BIDIRECTIONAL='TRUE';
      INPUT_LOAD='(-0.01,0.01)';
      OUTPUT_LOAD='(1.0,-1.0)';
    'DQ13':
      PIN_NUMBER='(B2)';
      BIDIRECTIONAL='TRUE';
      INPUT_LOAD='(-0.01,0.01)';
      OUTPUT_LOAD='(1.0,-1.0)';
    'DQ14':
      PIN_NUMBER='(B1)';
      BIDIRECTIONAL='TRUE';
      INPUT_LOAD='(-0.01,0.01)';
      OUTPUT_LOAD='(1.0,-1.0)';
    'DQ15':
      PIN_NUMBER='(A2)';
      BIDIRECTIONAL='TRUE';
      INPUT_LOAD='(-0.01,0.01)';
      OUTPUT_LOAD='(1.0,-1.0)';
    'DQ2':
      PIN_NUMBER='(B8)';
      BIDIRECTIONAL='TRUE';
      INPUT_LOAD='(-0.01,0.01)';
      OUTPUT_LOAD='(1.0,-1.0)';
    'DQ3':
      PIN_NUMBER='(C9)';
      BIDIRECTIONAL='TRUE';
      INPUT_LOAD='(-0.01,0.01)';
      OUTPUT_LOAD='(1.0,-1.0)';
    'DQ4':
      PIN_NUMBER='(C8)';
      BIDIRECTIONAL='TRUE';
      INPUT_LOAD='(-0.01,0.01)';
      OUTPUT_LOAD='(1.0,-1.0)';
    'DQ5':
      PIN_NUMBER='(D9)';
      BIDIRECTIONAL='TRUE';
      INPUT_LOAD='(-0.01,0.01)';
      OUTPUT_LOAD='(1.0,-1.0)';
    'DQ6':
      PIN_NUMBER='(D8)';
      BIDIRECTIONAL='TRUE';
      INPUT_LOAD='(-0.01,0.01)';
      OUTPUT_LOAD='(1.0,-1.0)';
    'DQ7':
      PIN_NUMBER='(E9)';
      BIDIRECTIONAL='TRUE';
      INPUT_LOAD='(-0.01,0.01)';
      OUTPUT_LOAD='(1.0,-1.0)';
    'DQ8':
      PIN_NUMBER='(E1)';
      BIDIRECTIONAL='TRUE';
      INPUT_LOAD='(-0.01,0.01)';
      OUTPUT_LOAD='(1.0,-1.0)';
    'DQ9':
      PIN_NUMBER='(D2)';
      BIDIRECTIONAL='TRUE';
      INPUT_LOAD='(-0.01,0.01)';
      OUTPUT_LOAD='(1.0,-1.0)';
    'DQMH':
      PIN_NUMBER='(F1)';
      BIDIRECTIONAL='TRUE';
      INPUT_LOAD='(-0.01,0.01)';
      OUTPUT_LOAD='(1.0,-1.0)';
    'DQML':
      PIN_NUMBER='(E8)';
      BIDIRECTIONAL='TRUE';
      INPUT_LOAD='(-0.01,0.01)';
      OUTPUT_LOAD='(1.0,-1.0)';
    'NC':
      PIN_NUMBER='(E2)';
      PINUSE='NC';
      NO_LOAD_CHECK='Both';
      NO_IO_CHECK='Both';
      NO_ASSERT_CHECK='TRUE';
      NO_DIR_CHECK='TRUE';
      ALLOW_CONNECT='TRUE';
    'RAS':
      PIN_NUMBER='(F8)';
      INPUT_LOAD='(-0.01,0.01)';
    'VDD'<2>:
      PIN_NUMBER='(A9)';
      PINUSE='POWER';
      NO_LOAD_CHECK='Both';
      NO_IO_CHECK='Both';
      NO_ASSERT_CHECK='TRUE';
      NO_DIR_CHECK='TRUE';
      ALLOW_CONNECT='TRUE';
    'VDD'<0>:
      PIN_NUMBER='(E7)';
      PINUSE='POWER';
      NO_LOAD_CHECK='Both';
      NO_IO_CHECK='Both';
      NO_ASSERT_CHECK='TRUE';
      NO_DIR_CHECK='TRUE';
      ALLOW_CONNECT='TRUE';
    'VDD'<1>:
      PIN_NUMBER='(J9)';
      PINUSE='POWER';
      NO_LOAD_CHECK='Both';
      NO_IO_CHECK='Both';
      NO_ASSERT_CHECK='TRUE';
      NO_DIR_CHECK='TRUE';
      ALLOW_CONNECT='TRUE';
    'VDDQ'<0>:
      PIN_NUMBER='(A7)';
      PINUSE='POWER';
      NO_LOAD_CHECK='Both';
      NO_IO_CHECK='Both';
      NO_ASSERT_CHECK='TRUE';
      NO_DIR_CHECK='TRUE';
      ALLOW_CONNECT='TRUE';
    'VDDQ'<1>:
      PIN_NUMBER='(B3)';
      PINUSE='POWER';
      NO_LOAD_CHECK='Both';
      NO_IO_CHECK='Both';
      NO_ASSERT_CHECK='TRUE';
      NO_DIR_CHECK='TRUE';
      ALLOW_CONNECT='TRUE';
    'VDDQ'<2>:
      PIN_NUMBER='(C7)';
      PINUSE='POWER';
      NO_LOAD_CHECK='Both';
      NO_IO_CHECK='Both';
      NO_ASSERT_CHECK='TRUE';
      NO_DIR_CHECK='TRUE';
      ALLOW_CONNECT='TRUE';
    'VDDQ'<3>:
      PIN_NUMBER='(D3)';
      PINUSE='POWER';
      NO_LOAD_CHECK='Both';
      NO_IO_CHECK='Both';
      NO_ASSERT_CHECK='TRUE';
      NO_DIR_CHECK='TRUE';
      ALLOW_CONNECT='TRUE';
    'VSS'<0>:
      PIN_NUMBER='(A1)';
      PINUSE='GROUND';
      NO_LOAD_CHECK='Both';
      NO_IO_CHECK='Both';
      NO_ASSERT_CHECK='TRUE';
      NO_DIR_CHECK='TRUE';
      ALLOW_CONNECT='TRUE';
    'VSS'<1>:
      PIN_NUMBER='(E3)';
      PINUSE='GROUND';
      NO_LOAD_CHECK='Both';
      NO_IO_CHECK='Both';
      NO_ASSERT_CHECK='TRUE';
      NO_DIR_CHECK='TRUE';
      ALLOW_CONNECT='TRUE';
    'VSS'<2>:
      PIN_NUMBER='(J1)';
      PINUSE='GROUND';
      NO_LOAD_CHECK='Both';
      NO_IO_CHECK='Both';
      NO_ASSERT_CHECK='TRUE';
      NO_DIR_CHECK='TRUE';
      ALLOW_CONNECT='TRUE';
    'VSSQ'<0>:
      PIN_NUMBER='(A3)';
      PINUSE='GROUND';
      NO_LOAD_CHECK='Both';
      NO_IO_CHECK='Both';
      NO_ASSERT_CHECK='TRUE';
      NO_DIR_CHECK='TRUE';
      ALLOW_CONNECT='TRUE';
    'VSSQ'<1>:
      PIN_NUMBER='(B7)';
      PINUSE='GROUND';
      NO_LOAD_CHECK='Both';
      NO_IO_CHECK='Both';
      NO_ASSERT_CHECK='TRUE';
      NO_DIR_CHECK='TRUE';
      ALLOW_CONNECT='TRUE';
    'VSSQ'<2>:
      PIN_NUMBER='(C3)';
      PINUSE='GROUND';
      NO_LOAD_CHECK='Both';
      NO_IO_CHECK='Both';
      NO_ASSERT_CHECK='TRUE';
      NO_DIR_CHECK='TRUE';
      ALLOW_CONNECT='TRUE';
    'VSSQ'<3>:
      PIN_NUMBER='(D7)';
      PINUSE='GROUND';
      NO_LOAD_CHECK='Both';
      NO_IO_CHECK='Both';
      NO_ASSERT_CHECK='TRUE';
      NO_DIR_CHECK='TRUE';
      ALLOW_CONNECT='TRUE';
    'WE':
      PIN_NUMBER='(F9)';
      INPUT_LOAD='(-0.01,0.01)';
  end_pin;
  body
    PART_NAME='ISSI512MBSDRAM_X16';
    BODY_NAME='ISSI512MBSDRAM_X16';
    PHYS_DES_PREFIX='IC';
    CLASS='IC';
    CDS_LMAN_UNMAPPED_PHYS_PIN='(1,2,3,4,5,6,7,8,9,10,11,12,13,14,15,16,17,18,19,20,21,22,23,24,25,26,27,28,29,30,31,32,33,34,35,36,37,38,39,40,41,42,43,44,45,46,47,48,49,50,51,52,53,54)';
  end_body;
end_primitive;

END.
