	(Comment
		(Time 01/31/22,11:47:38)
		(User a5050295)
		(MsgId ECO_081)
		(Text "Symbol sym_5 added to cell")
		(Param1 "sym_5")
	)
	(Comment
		(Time 01/31/22,11:47:38)
		(User a5050295)
		(MsgId ECO_081)
		(Text "Symbol sym_6 added to cell")
		(Param1 "sym_6")
	)
	(Comment
		(Time 01/31/22,12:30:15)
		(User a5050295)
		(MsgId ECO_082)
		(Text "Symbol sym_3 deleted from cell")
		(Param1 "sym_3")
	)
	(Comment
		(Time 01/31/22,13:24:33)
		(User a5050295)
		(MsgId ECO_083)
		(Text "Symbol sym_4 renamed to sym_3")
		(Param1 "sym_4")
		(Param2 "sym_3")
	)
	(Comment
		(Time 01/31/22,13:24:47)
		(User a5050295)
		(MsgId ECO_083)
		(Text "Symbol sym_5 renamed to sym_4")
		(Param1 "sym_5")
		(Param2 "sym_4")
	)
	(Comment
		(Time 01/31/22,13:24:58)
		(User a5050295)
		(MsgId ECO_083)
		(Text "Symbol sym_6 renamed to sym_5")
		(Param1 "sym_6")
		(Param2 "sym_5")
	)
