Allegro Report
C:/_work_proj_CAD_REE/ek_ra8d1_v0300_es/hw/cad_ek_ra8d1_v0300_es/worklib/ek_ra8d1/physical/D018942_06_v03_ek_ra8d1.brd
Thu Mar 16 09:00:15 2023

REFDES,PART_NUMBER,VALUE,DESCRIPTION,COMP_PACKAGE,SYM_MIRROR,SYM_ROTATE,SYM_X,SYM_Y,COMP_DEVICE_TYPE
D5,141-10008281,SC1103C-01UTG,"TVSDiode,1-line,3.3V",LIT_1610DFN,NO,0.000,40.150,159.800,"DIO_TVS_SMD-141-10008281,SC110B"
D12,141-10008281,SC1103C-01UTG,"TVSDiode,1-line,3.3V",LIT_1610DFN,NO,180.000,37.340,159.800,"DIO_TVS_SMD-141-10008281,SC110B"
FIL1,153-10005698,mur_dlp11,"Commonmodechoke,SMD,150mA,90R,0504",MUR_DLP11_0504,NO,270.000,10.750,84.590,"MUR_DLP11_SMD-153-10005698,MURC"
FIL2,153-10005698,mur_dlp11,"Commonmodechoke,SMD,150mA,90R,0504",MUR_DLP11_0504,NO,270.000,11.000,100.090,"MUR_DLP11_SMD-153-10005698,MURC"
J60,160-10004317,header 2way,"header, 2way,1row,vertical,",1X2X2_54,NO,270.000,15.870,164.761,"SINGLE_ROW_2_THT-160-10004317,B"
J33,160-10007400,HDR3way 2.00mm,"header, 3way component",N031PAEN-RC,NO,270.000,41.000,135.777,"SINGLE_ROW_3_THT-160-10007400,B"
J7,160-10007400,HDR3way 2.00mm,"header, 3way component",N031PAEN-RC,NO,180.000,8.250,89.640,"SINGLE_ROW_3_THT-160-10007400,B"
J8,160-10007400,HDR3way 2.00mm,"header, 3way component",N031PAEN-RC,NO,0.000,55.970,92.371,"SINGLE_ROW_3_THT-160-10007400,B"
J12,160-10007400,HDR3way 2.00mm,"header, 3way component",N031PAEN-RC,NO,180.000,8.750,105.340,"SINGLE_ROW_3_THT-160-10007400,B"
D1,141-10004387,1N4148W-G,"Diode, small signal, fast switching",VIS_SOD-123,YES,90.000,56.200,86.440,"DIO_SMD-141-10004387,1N4148W-GA"
C115,151-10005153,10p,"capacitor,NPO,0402,",EIA0402H0P55,NO,0.000,52.250,75.690,"CAP_SMD-151-10005153,10P-10P,1A"
C119,151-10005153,10p,"capacitor,NPO,0402,",EIA0402H0P55,NO,180.000,65.160,96.600,"CAP_SMD-151-10005153,10P-10P,1A"
C120,151-10005153,10p,"capacitor,NPO,0402,",EIA0402H0P55,NO,0.000,63.270,96.600,"CAP_SMD-151-10005153,10P-10P,1A"
X2,170-10007251,12.000 MHz,Crystal,ECX_2236B,NO,90.000,63.940,94.650,CRYSTAL_FA_XXX_SMD-170-1000725B
MR11,150-10005184,10k,Resistor Array/4fach,CAT16_0804,YES,90.000,22.490,45.900,"RES4S_SMD-150-10005184,10K-10KA"
MR12,150-10005184,10k,Resistor Array/4fach,CAT16_0804,YES,90.000,24.940,45.950,"RES4S_SMD-150-10005184,10K-10KA"
MR13,150-10005184,10k,Resistor Array/4fach,CAT16_0804,YES,90.000,27.390,45.950,"RES4S_SMD-150-10005184,10K-10KA"
C99,151-10007732,47u,"capacitor,X5R,0603",EIA_CC0603H0P8,YES,180.000,45.200,32.623,"CAP_SMD-151-10007732,47U-151-1A"
L2,152-10006055,2.2u,Festinduktoren 0805 2.2uH,EIA0805,YES,180.000,42.050,32.673,"IND_SMD-152-10006055,2.2U-152-A"
R125,150-00000043,36,"resistor,0402,1/16Watt,E24",EIA0402,NO,90.000,21.690,43.250,"RES_SMD-150-00000043,36-150-00A"
R126,150-00000043,36,"resistor,0402,1/16Watt,E24",EIA0402,NO,90.000,25.640,42.850,"RES_SMD-150-00000043,36-150-00A"
SW1,180-10006865,DIP-Switch-8pol-SMD,"Dip Switch, 8way",APE_IKH_SW_DIP08_SMD,NO,90.000,40.000,82.000,"SW_DIP8_SMD-180-10006865,DIP-SB"
Y1,170-10007572,20.000 MHz,"CERAMICSMDCRYSTAL,3.2mmx2.5mm",ABM8,NO,0.000,40.590,12.500,CRYSTAL_ABM8_XX_SMD-170-100075B
J53,160-10004280,header 20way,"header, 20way,2row,vertical,",2X10X2_54,NO,0.000,14.600,60.621,DOUBLE_ROW_10_THT-160-10004280B
J54,160-10004280,header 20way,"header, 20way,2row,vertical,",2X10X2_54,NO,0.000,65.400,65.701,DOUBLE_ROW_10_THT-160-10004280B
J55,160-10004280,header 20way,"header, 20way,2row,vertical,",2X10X2_54,NO,0.000,14.600,65.701,DOUBLE_ROW_10_THT-160-10004280B
J56,160-10004280,header 20way,"header, 20way,2row,vertical,",2X10X2_54,NO,0.000,65.400,60.621,DOUBLE_ROW_10_THT-160-10004280B
J51,160-10004280,header 20way,"header, 20way,2row,vertical,",2X10X2_54,NO,90.000,70.480,32.681,DOUBLE_ROW_10_THT-160-10004280B
J52,160-10004280,header 20way,"header, 20way,2row,vertical,",2X10X2_54,NO,90.000,75.560,32.681,DOUBLE_ROW_10_THT-160-10004280B
MR10,150-10005972,10k,Array(8-way),PAN_EXB2HV,YES,90.000,39.940,75.300,"RES8S_SMD-150-10005972,10K-10KA"
R124,150-00000067,360,"resistor,0402,1/16Watt,E24",EIA0402,YES,270.000,49.870,9.271,"RES_SMD-150-00000067,360-150-0A"
J58,160-10007974,ERF8-013-05.0-L-DV-TR,"VerticalReceptacle, SMT, 26pos, 0.80mm",SAM_ERF8_013_05_0_L_DV_X,YES,0.000,40.000,11.000,SAM_ERX8_26PIN_SMD-160-1000797B
C111,151-10005842,220n,"capacitor, ceramic,",EIA0402H0P55,NO,270.000,60.640,96.320,"CAP_SMD-151-10005842,220N-151-A"
J57,160-10004289,header 40way,"header, 40way,2row,vertical,",2X20X2_54,NO,90.000,4.440,32.681,DOUBLE_ROW_20_THT-160-10004289B
U25,100-10007934,74CB3Q3257,Quadbusswitch,SOT763-1,NO,90.000,32.250,16.573,BUSSWITCHQUAD_SMD-100-10007934B
U12,100-10007934,74CB3Q3257,Quadbusswitch,SOT763-1,YES,90.000,28.310,19.123,BUSSWITCHQUAD_SMD-100-10007934B
U10,100-10007932,74CBTLV3245BQ,8-bitbusswitch,NXP_SOT764-1,NO,0.000,31.100,42.293,"BUSSWITCH_SMD-100-10007932,74CB"
U13,100-10007932,74CBTLV3245BQ,8-bitbusswitch,NXP_SOT764-1,NO,180.000,62.430,35.873,"BUSSWITCH_SMD-100-10007932,74CB"
U14,100-10007932,74CBTLV3245BQ,8-bitbusswitch,NXP_SOT764-1,NO,180.000,62.440,42.443,"BUSSWITCH_SMD-100-10007932,74CB"
U20,100-10007932,74CBTLV3245BQ,8-bitbusswitch,NXP_SOT764-1,NO,180.000,48.250,42.373,"BUSSWITCH_SMD-100-10007932,74CB"
U21,100-10007932,74CBTLV3245BQ,8-bitbusswitch,NXP_SOT764-1,YES,0.000,48.260,42.373,"BUSSWITCH_SMD-100-10007932,74CB"
U22,100-10007932,74CBTLV3245BQ,8-bitbusswitch,NXP_SOT764-1,NO,0.000,34.900,49.273,"BUSSWITCH_SMD-100-10007932,74CB"
U23,100-10007932,74CBTLV3245BQ,8-bitbusswitch,NXP_SOT764-1,NO,0.000,35.150,42.223,"BUSSWITCH_SMD-100-10007932,74CB"
U24,100-10007932,74CBTLV3245BQ,8-bitbusswitch,NXP_SOT764-1,YES,0.000,54.350,35.873,"BUSSWITCH_SMD-100-10007932,74CB"
U16,100-10007932,74CBTLV3245BQ,8-bitbusswitch,NXP_SOT764-1,NO,0.000,54.350,42.373,"BUSSWITCH_SMD-100-10007932,74CB"
U17,100-10007932,74CBTLV3245BQ,8-bitbusswitch,NXP_SOT764-1,NO,0.000,54.350,35.873,"BUSSWITCH_SMD-100-10007932,74CB"
U18,100-10007932,74CBTLV3245BQ,8-bitbusswitch,NXP_SOT764-1,YES,0.000,62.440,42.443,"BUSSWITCH_SMD-100-10007932,74CB"
U19,100-10007932,74CBTLV3245BQ,8-bitbusswitch,NXP_SOT764-1,YES,0.000,62.430,35.873,"BUSSWITCH_SMD-100-10007932,74CB"
U11,100-10007932,74CBTLV3245BQ,8-bitbusswitch,NXP_SOT764-1,YES,0.000,54.360,42.373,"BUSSWITCH_SMD-100-10007932,74CB"
C27,151-10004022,100n,"capacitor,X7R,0402,",CAP_CC0402_YAG-L,YES,270.000,41.990,29.200,"CAP_SMD-151-10004022,100N-100NA"
C29,151-10004022,100n,"capacitor,X7R,0402,",CAP_CC0402_YAG-L,YES,270.000,40.950,29.200,"CAP_SMD-151-10004022,100N-100NA"
C116,151-10004022,100n,"capacitor,X7R,0402,",CAP_CC0402_YAG-L,YES,0.000,66.690,101.908,"CAP_SMD-151-10004022,100N-100NA"
C117,151-10004022,100n,"capacitor,X7R,0402,",CAP_CC0402_YAG-L,YES,270.000,63.866,99.160,"CAP_SMD-151-10004022,100N-100NA"
C118,151-10004022,100n,"capacitor,X7R,0402,",CAP_CC0402_YAG-L,YES,270.000,60.340,99.172,"CAP_SMD-151-10004022,100N-100NA"
C96,151-10004022,100n,"capacitor,X7R,0402,",CAP_CC0402_YAG-L,YES,0.000,43.950,24.823,"CAP_SMD-151-10004022,100N-100NA"
C98,151-10004022,100n,"capacitor,X7R,0402,",CAP_CC0402_YAG-L,NO,180.000,40.150,33.373,"CAP_SMD-151-10004022,100N-100NA"
C113,151-10004022,100n,"capacitor,X7R,0402,",CAP_CC0402_YAG-L,YES,180.000,45.600,23.173,"CAP_SMD-151-10004022,100N-100NA"
C112,151-10004022,100n,"capacitor,X7R,0402,",CAP_CC0402_YAG-L,NO,90.000,29.700,15.090,"CAP_SMD-151-10004022,100N-100NA"
C2,151-10004022,100n,"capacitor,X7R,0402,",CAP_CC0402_YAG-L,YES,90.000,46.850,20.423,"CAP_SMD-151-10004022,100N-100NA"
C3,151-10004022,100n,"capacitor,X7R,0402,",CAP_CC0402_YAG-L,YES,270.000,39.055,20.761,"CAP_SMD-151-10004022,100N-100NA"
C4,151-10004022,100n,"capacitor,X7R,0402,",CAP_CC0402_YAG-L,YES,270.000,39.600,25.523,"CAP_SMD-151-10004022,100N-100NA"
C5,151-10004022,100n,"capacitor,X7R,0402,",CAP_CC0402_YAG-L,YES,270.000,41.900,25.523,"CAP_SMD-151-10004022,100N-100NA"
C6,151-10004022,100n,"capacitor,X7R,0402,",CAP_CC0402_YAG-L,YES,270.000,38.100,25.523,"CAP_SMD-151-10004022,100N-100NA"
C7,151-10004022,100n,"capacitor,X7R,0402,",CAP_CC0402_YAG-L,YES,90.000,38.185,27.458,"CAP_SMD-151-10004022,100N-100NA"
C8,151-10004022,100n,"capacitor,X7R,0402,",CAP_CC0402_YAG-L,YES,180.000,34.450,26.973,"CAP_SMD-151-10004022,100N-100NA"
C9,151-10004022,100n,"capacitor,X7R,0402,",CAP_CC0402_YAG-L,YES,90.000,36.400,25.523,"CAP_SMD-151-10004022,100N-100NA"
C11,151-10004022,100n,"capacitor,X7R,0402,",CAP_CC0402_YAG-L,YES,180.000,34.450,24.073,"CAP_SMD-151-10004022,100N-100NA"
C12,151-10004022,100n,"capacitor,X7R,0402,",CAP_CC0402_YAG-L,YES,270.000,40.950,23.523,"CAP_SMD-151-10004022,100N-100NA"
C13,151-10004022,100n,"capacitor,X7R,0402,",CAP_CC0402_YAG-L,YES,90.000,39.550,29.773,"CAP_SMD-151-10004022,100N-100NA"
C14,151-10004022,100n,"capacitor,X7R,0402,",CAP_CC0402_YAG-L,YES,0.000,34.450,29.523,"CAP_SMD-151-10004022,100N-100NA"
C15,151-10004022,100n,"capacitor,X7R,0402,",CAP_CC0402_YAG-L,YES,90.000,40.350,20.373,"CAP_SMD-151-10004022,100N-100NA"
C17,151-10004022,100n,"capacitor,X7R,0402,",CAP_CC0402_YAG-L,YES,270.000,42.050,23.523,"CAP_SMD-151-10004022,100N-100NA"
C18,151-10004022,100n,"capacitor,X7R,0402,",CAP_CC0402_YAG-L,YES,0.000,44.750,26.273,"CAP_SMD-151-10004022,100N-100NA"
C19,151-10004022,100n,"capacitor,X7R,0402,",CAP_CC0402_YAG-L,YES,270.000,37.940,21.040,"CAP_SMD-151-10004022,100N-100NA"
C25,151-10004022,100n,"capacitor,X7R,0402,",CAP_CC0402_YAG-L,NO,180.000,41.020,161.040,"CAP_SMD-151-10004022,100N-100NA"
C26,151-10004022,100n,"capacitor,X7R,0402,",CAP_CC0402_YAG-L,NO,90.000,54.900,81.740,"CAP_SMD-151-10004022,100N-100NA"
C30,151-10004022,100n,"capacitor,X7R,0402,",CAP_CC0402_YAG-L,NO,270.000,49.100,75.540,"CAP_SMD-151-10004022,100N-100NA"
C34,151-10004022,100n,"capacitor,X7R,0402,",CAP_CC0402_YAG-L,NO,0.000,55.700,79.340,"CAP_SMD-151-10004022,100N-100NA"
C36,151-10004022,100n,"capacitor,X7R,0402,",CAP_CC0402_YAG-L,YES,180.000,58.200,81.240,"CAP_SMD-151-10004022,100N-100NA"
C37,151-10004022,100n,"capacitor,X7R,0402,",CAP_CC0402_YAG-L,YES,0.000,65.600,82.440,"CAP_SMD-151-10004022,100N-100NA"
C39,151-10004022,100n,"capacitor,X7R,0402,",CAP_CC0402_YAG-L,YES,0.000,25.590,52.800,"CAP_SMD-151-10004022,100N-100NA"
C40,151-10004022,100n,"capacitor,X7R,0402,",CAP_CC0402_YAG-L,YES,90.000,41.750,20.423,"CAP_SMD-151-10004022,100N-100NA"
C41,151-10004022,100n,"capacitor,X7R,0402,",CAP_CC0402_YAG-L,YES,270.000,23.650,50.243,"CAP_SMD-151-10004022,100N-100NA"
C42,151-10004022,100n,"capacitor,X7R,0402,",CAP_CC0402_YAG-L,NO,0.000,48.550,39.273,"CAP_SMD-151-10004022,100N-100NA"
C43,151-10004022,100n,"capacitor,X7R,0402,",CAP_CC0402_YAG-L,NO,270.000,20.900,84.140,"CAP_SMD-151-10004022,100N-100NA"
C46,151-10004022,100n,"capacitor,X7R,0402,",CAP_CC0402_YAG-L,NO,180.000,14.250,86.090,"CAP_SMD-151-10004022,100N-100NA"
C49,151-10004022,100n,"capacitor,X7R,0402,",CAP_CC0402_YAG-L,YES,0.000,54.140,39.100,"CAP_SMD-151-10004022,100N-100NA"
C51,151-10004022,100n,"capacitor,X7R,0402,",CAP_CC0402_YAG-L,YES,180.000,58.710,101.911,"CAP_SMD-151-10004022,100N-100NA"
C52,151-10004022,100n,"capacitor,X7R,0402,",CAP_CC0402_YAG-L,NO,270.000,21.300,98.740,"CAP_SMD-151-10004022,100N-100NA"
C56,151-10004022,100n,"capacitor,X7R,0402,",CAP_CC0402_YAG-L,YES,90.000,62.710,107.011,"CAP_SMD-151-10004022,100N-100NA"
C57,151-10004022,100n,"capacitor,X7R,0402,",CAP_CC0402_YAG-L,YES,180.000,58.810,103.611,"CAP_SMD-151-10004022,100N-100NA"
C58,151-10004022,100n,"capacitor,X7R,0402,",CAP_CC0402_YAG-L,NO,180.000,15.100,100.840,"CAP_SMD-151-10004022,100N-100NA"
C61,151-10004022,100n,"capacitor,X7R,0402,",CAP_CC0402_YAG-L,NO,270.000,36.505,113.791,"CAP_SMD-151-10004022,100N-100NA"
C63,151-10004022,100n,"capacitor,X7R,0402,",CAP_CC0402_YAG-L,NO,180.000,34.800,52.423,"CAP_SMD-151-10004022,100N-100NA"
C67,151-10004022,100n,"capacitor,X7R,0402,",CAP_CC0402_YAG-L,NO,0.000,38.111,117.975,"CAP_SMD-151-10004022,100N-100NA"
C71,151-10004022,100n,"capacitor,X7R,0402,",CAP_CC0402_YAG-L,NO,0.000,52.581,158.207,"CAP_SMD-151-10004022,100N-100NA"
C72,151-10004022,100n,"capacitor,X7R,0402,",CAP_CC0402_YAG-L,NO,0.000,31.537,158.167,"CAP_SMD-151-10004022,100N-100NA"
C74,151-10004022,100n,"capacitor,X7R,0402,",CAP_CC0402_YAG-L,NO,180.000,34.850,45.473,"CAP_SMD-151-10004022,100N-100NA"
C75,151-10004022,100n,"capacitor,X7R,0402,",CAP_CC0402_YAG-L,YES,0.000,47.540,46.200,"CAP_SMD-151-10004022,100N-100NA"
C76,151-10004022,100n,"capacitor,X7R,0402,",CAP_CC0402_YAG-L,NO,90.000,40.850,55.573,"CAP_SMD-151-10004022,100N-100NA"
C77,151-10004022,100n,"capacitor,X7R,0402,",CAP_CC0402_YAG-L,NO,90.000,47.050,55.623,"CAP_SMD-151-10004022,100N-100NA"
C78,151-10004022,100n,"capacitor,X7R,0402,",CAP_CC0402_YAG-L,YES,0.000,41.250,49.823,"CAP_SMD-151-10004022,100N-100NA"
C79,151-10004022,100n,"capacitor,X7R,0402,",CAP_CC0402_YAG-L,YES,180.000,41.250,51.023,"CAP_SMD-151-10004022,100N-100NA"
C80,151-10004022,100n,"capacitor,X7R,0402,",CAP_CC0402_YAG-L,YES,180.000,43.100,51.023,"CAP_SMD-151-10004022,100N-100NA"
C81,151-10004022,100n,"capacitor,X7R,0402,",CAP_CC0402_YAG-L,YES,0.000,43.150,49.823,"CAP_SMD-151-10004022,100N-100NA"
C82,151-10004022,100n,"capacitor,X7R,0402,",CAP_CC0402_YAG-L,YES,90.000,44.700,50.523,"CAP_SMD-151-10004022,100N-100NA"
C84,151-10004022,100n,"capacitor,X7R,0402,",CAP_CC0402_YAG-L,NO,180.000,31.170,45.443,"CAP_SMD-151-10004022,100N-100NA"
C85,151-10004022,100n,"capacitor,X7R,0402,",CAP_CC0402_YAG-L,NO,0.000,62.750,32.700,"CAP_SMD-151-10004022,100N-100NA"
C86,151-10004022,100n,"capacitor,X7R,0402,",CAP_CC0402_YAG-L,NO,0.000,62.540,39.300,"CAP_SMD-151-10004022,100N-100NA"
C88,151-10004022,100n,"capacitor,X7R,0402,",CAP_CC0402_YAG-L,NO,180.000,54.440,39.100,"CAP_SMD-151-10004022,100N-100NA"
C89,151-10004022,100n,"capacitor,X7R,0402,",CAP_CC0402_YAG-L,NO,180.000,54.540,45.700,"CAP_SMD-151-10004022,100N-100NA"
C90,151-10004022,100n,"capacitor,X7R,0402,",CAP_CC0402_YAG-L,YES,180.000,62.440,39.100,"CAP_SMD-151-10004022,100N-100NA"
C91,151-10004022,100n,"capacitor,X7R,0402,",CAP_CC0402_YAG-L,YES,0.000,61.535,45.495,"CAP_SMD-151-10004022,100N-100NA"
C92,151-10004022,100n,"capacitor,X7R,0402,",CAP_CC0402_YAG-L,NO,180.000,52.160,72.761,"CAP_SMD-151-10004022,100N-100NA"
C93,151-10004022,100n,"capacitor,X7R,0402,",CAP_CC0402_YAG-L,NO,270.000,46.500,80.950,"CAP_SMD-151-10004022,100N-100NA"
C94,151-10004022,100n,"capacitor,X7R,0402,",CAP_CC0402_YAG-L,YES,180.000,27.150,48.743,"CAP_SMD-151-10004022,100N-100NA"
C100,151-10004022,100n,"capacitor,X7R,0402,",CAP_CC0402_YAG-L,NO,90.000,42.050,33.473,"CAP_SMD-151-10004022,100N-100NA"
C101,151-10004022,100n,"capacitor,X7R,0402,",CAP_CC0402_YAG-L,YES,0.000,34.440,28.525,"CAP_SMD-151-10004022,100N-100NA"
C104,151-10004022,100n,"capacitor,X7R,0402,",CAP_CC0402_YAG-L,YES,0.000,26.740,21.652,"CAP_SMD-151-10004022,100N-100NA"
C105,151-10004022,100n,"capacitor,X7R,0402,",CAP_CC0402_YAG-L,YES,0.000,54.145,45.685,"CAP_SMD-151-10004022,100N-100NA"
C114,151-10004046,1u,"capacitor,X7R,0603,",EIA_CC0603H0P8,YES,180.000,56.720,8.071,"CAP_SMD-151-10004046,1U-151-10A"
C38,151-10004046,1u,"capacitor,X7R,0603,",EIA_CC0603H0P8,YES,270.000,25.310,55.530,"CAP_SMD-151-10004046,1U-151-10A"
C45,151-10004046,1u,"capacitor,X7R,0603,",EIA_CC0603H0P8,NO,270.000,3.750,90.090,"CAP_SMD-151-10004046,1U-151-10A"
C59,151-10004046,1u,"capacitor,X7R,0603,",EIA_CC0603H0P8,NO,270.000,4.250,105.840,"CAP_SMD-151-10004046,1U-151-10A"
C60,151-10004046,1u,"capacitor,X7R,0603,",EIA_CC0603H0P8,NO,270.000,35.000,113.300,"CAP_SMD-151-10004046,1U-151-10A"
C66,151-10004046,1u,"capacitor,X7R,0603,",EIA_CC0603H0P8,NO,90.000,42.456,116.781,"CAP_SMD-151-10004046,1U-151-10A"
C68,151-10004046,1u,"capacitor,X7R,0603,",EIA_CC0603H0P8,NO,270.000,12.691,135.585,"CAP_SMD-151-10004046,1U-151-10A"
C110,151-10004046,1u,"capacitor,X7R,0603,",EIA_CC0603H0P8,YES,270.000,51.220,9.771,"CAP_SMD-151-10004046,1U-151-10A"
C10,151-10004047,2.2u,"capacitor,X7R,0603,",EIA_CC0603H0P8,YES,90.000,32.750,25.473,"CAP_SMD-151-10004047,2.2U-151-A"
C28,151-10004047,2.2u,"capacitor,X7R,0603,",EIA_CC0603H0P8,NO,180.000,47.100,75.740,"CAP_SMD-151-10004047,2.2U-151-A"
C69,151-10004050,4.7u,"capacitor,X7R,0805,",EIA_CC0805H1P25,NO,0.000,9.431,160.032,"CAP_SMD-151-10004050,4.7U-151-A"
C70,151-10004050,4.7u,"capacitor,X7R,0805,",EIA_CC0805H1P25,NO,180.000,70.491,142.128,"CAP_SMD-151-10004050,4.7U-151-A"
C62,151-10005240,47p,"capacitor,NPO,0402,",EIA0402H0P55,NO,270.000,42.250,113.505,"CAP_SMD-151-10005240,47P-151-1A"
C1,151-10005753,10u,CapCeramicX5R10uF10%16V0805,EIA_CC0805H1P25,YES,90.000,43.250,19.723,"CAP_SMD-151-10005753,10U-10U,1A"
C16,151-10005753,10u,CapCeramicX5R10uF10%16V0805,EIA_CC0805H1P25,YES,270.000,58.300,85.440,"CAP_SMD-151-10005753,10U-10U,1A"
C20,151-10005753,10u,CapCeramicX5R10uF10%16V0805,EIA_CC0805H1P25,YES,90.000,45.250,19.723,"CAP_SMD-151-10005753,10U-10U,1A"
C44,151-10005753,10u,CapCeramicX5R10uF10%16V0805,EIA_CC0805H1P25,NO,270.000,22.800,84.840,"CAP_SMD-151-10005753,10U-10U,1A"
C54,151-10005753,10u,CapCeramicX5R10uF10%16V0805,EIA_CC0805H1P25,NO,270.000,23.250,99.590,"CAP_SMD-151-10005753,10U-10U,1A"
C64,151-10005753,10u,CapCeramicX5R10uF10%16V0805,EIA_CC0805H1P25,NO,90.000,34.800,116.700,"CAP_SMD-151-10005753,10U-10U,1A"
C65,151-10005753,10u,CapCeramicX5R10uF10%16V0805,EIA_CC0805H1P25,NO,90.000,44.374,116.984,"CAP_SMD-151-10005753,10U-10U,1A"
C83,151-10005753,10u,CapCeramicX5R10uF10%16V0805,EIA_CC0805H1P25,NO,90.000,39.050,56.273,"CAP_SMD-151-10005753,10U-10U,1A"
C22,151-10007051,27p,"capacitor,NPO,0402,",EIA0402H0P55,NO,180.000,35.950,17.623,"CAP_SMD-151-10007051,27P-151-1A"
C23,151-10007051,27p,"capacitor,NPO,0402,",EIA0402H0P55,NO,0.000,37.750,17.623,"CAP_SMD-151-10007051,27P-151-1A"
C21,151-10007506,15p,"capacitor,NPO,0402,",EIA0402H0P55,NO,180.000,37.820,13.690,"CAP_SMD-151-10007506,15P-151-1A"
C24,151-10007506,15p,"capacitor,NPO,0402,",EIA0402H0P55,NO,0.000,43.330,11.360,"CAP_SMD-151-10007506,15P-151-1A"
C97,151-10007823,22u,X5R,C_EIA0402H0P8,NO,180.000,40.150,34.373,"CAP_SMD-151-10007823,22U-151-1A"
U3,102-10007930,S28HS512TGABHI01,512Mb,CYP_BGA24_1,NO,0.000,25.650,50.723,CYPRESSOCTAFLASH_SMD-102-10007B
J59,160-10004300,socket 20way,"socket, 20way,2row,vertical,",2X10X2_54_CP,NO,180.000,40.000,4.741,DOUBLE_ROW_10_THT-160-10004300B
OSC1,171-10007843,ECS-1612MV,CrystalOscillatorXO50MHzHCMOS,ECS-1612MV_1P6X1P2X0P6,NO,90.000,51.950,74.290,ECS_ECS_1612MV_SMD-171-1000784B
U27,102-10007955,IS42S16320F-6BLI_x16,SDRAM512Mb,ISS_TW_BGA_54L_8X13,NO,90.000,44.050,50.323,ISSI512MBSDRAM_X16_SMD-102-100B
U15,100-10007837,ICS1894-32,Ethernet10/100PHYwithRMII,REN_QFN32-5X5-0P50,NO,180.000,51.000,79.540,REN_ICS1894_32_SMD-100-1000783B
U52,122-10007736,ISL9008AIECZ-T,"LowNoiseLDO,1.8Vout,LowIqHighPSRR",REN_SC70-5,YES,0.000,53.570,8.121,"REN_ISL9008_SMD-122-10007736,IB"
U1,100-10007927,R7FA8D1BH2A00CBD_rev210,,BGA_224,NO,270.000,40.000,25.923,REN_R7FA8D1BH2A_REV2_10_SMD-10B
U7,100-10007954,R7FA4M2AD3CFL,RA4M2,REN_P-LFQFP48-7X7-0P50,NO,90.000,62.610,103.111,"REN_RA4M2_SMD-100-10007954,R7FB"
MR14,150-10005168,33,Resistor Array/4fach,CAT16_0804,NO,90.000,23.790,43.150,"RES4S_SMD-150-10005168,33-150-A"
MR15,150-10005168,33,Resistor Array/4fach,CAT16_0804,NO,90.000,27.490,43.100,"RES4S_SMD-150-10005168,33-150-A"
MR1,150-10005168,33,Resistor Array/4fach,CAT16_0804,NO,180.000,45.900,41.722,"RES4S_SMD-150-10005168,33-150-A"
MR2,150-10005168,33,Resistor Array/4fach,CAT16_0804,NO,180.000,45.900,43.852,"RES4S_SMD-150-10005168,33-150-A"
MR3,150-10005168,33,Resistor Array/4fach,CAT16_0804,YES,0.000,45.740,43.012,"RES4S_SMD-150-10005168,33-150-A"
MR4,150-10005168,33,Resistor Array/4fach,CAT16_0804,YES,0.000,45.850,40.862,"RES4S_SMD-150-10005168,33-150-A"
MR5,150-10005182,4.7k,Resistor Array/4fach,CAT16_0804,YES,0.000,38.530,50.052,"RES4S_SMD-150-10005182,4.7K-15A"
MR6,150-10005182,4.7k,Resistor Array/4fach,CAT16_0804,YES,0.000,38.530,47.902,"RES4S_SMD-150-10005182,4.7K-15A"
MR7,150-10005182,4.7k,Resistor Array/4fach,CAT16_0804,YES,0.000,38.630,42.902,"RES4S_SMD-150-10005182,4.7K-15A"
MR8,150-10005182,4.7k,Resistor Array/4fach,CAT16_0804,YES,0.000,38.630,40.702,"RES4S_SMD-150-10005182,4.7K-15A"
MR9,150-10005182,4.7k,Resistor Array/4fach,CAT16_0804,YES,180.000,48.980,49.982,"RES4S_SMD-150-10005182,4.7K-15A"
R1,150-00000058,150,"resistor,0402,1/16Watt,E24",EIA0402,NO,270.000,61.990,109.850,"RES_SMD-150-00000058,150-150,1A"
R114,150-00000058,150,"resistor,0402,1/16Watt,E24",EIA0402,NO,270.000,58.840,109.850,"RES_SMD-150-00000058,150-150,1A"
R115,150-00000058,150,"resistor,0402,1/16Watt,E24",EIA0402,NO,270.000,59.890,109.850,"RES_SMD-150-00000058,150-150,1A"
R116,150-00000058,150,"resistor,0402,1/16Watt,E24",EIA0402,NO,270.000,60.940,109.850,"RES_SMD-150-00000058,150-150,1A"
R117,150-00000058,150,"resistor,0402,1/16Watt,E24",EIA0402,NO,270.000,65.140,109.850,"RES_SMD-150-00000058,150-150,1A"
R118,150-00000058,150,"resistor,0402,1/16Watt,E24",EIA0402,NO,180.000,69.810,104.911,"RES_SMD-150-00000058,150-150,1A"
R104,150-00001142,1k82,"resistor,0402,1/16Watt,E96",EIA0402,YES,90.000,54.900,82.440,"RES_SMD-150-00001142,1K82-150-A"
R105,150-00001232,18K2,"resistor,0402,1/16Watt,E96",EIA0402,YES,270.000,55.900,82.440,"RES_SMD-150-00001232,18K2-150-A"
TP11,179-10006419,Fiducial_0.5mm round,"Fiducial, 0.5mm, PCB Marker Heyfra",FIDUCIAL_HEYFRA,NO,0.000,6.595,3.320,"TP_SMD-179-10006419,FIDUCIAL_0B"
TP12,179-10006419,Fiducial_0.5mm round,"Fiducial, 0.5mm, PCB Marker Heyfra",FIDUCIAL_HEYFRA,NO,90.000,5.070,164.140,"TP_SMD-179-10006419,FIDUCIAL_0B"
D11,141-10007503,UCLAMP0571P,"High-Power Clamp,1-LineSurgeProtection",SGP1610N2,NO,270.000,72.300,96.240,"TVSDIODE_SMD-141-10007503,UCLAB"
D9,141-10007503,UCLAMP0571P,"High-Power Clamp,1-LineSurgeProtection",SGP1610N2,NO,180.000,6.250,103.090,"TVSDIODE_SMD-141-10007503,UCLAB"
D10,141-10007503,UCLAMP0571P,"High-Power Clamp,1-LineSurgeProtection",SGP1610N2,NO,180.000,5.700,87.590,"TVSDIODE_SMD-141-10007503,UCLAB"
C47,151-10007447,150u,"capacitor,tantal",EIA2917_3P1,NO,0.000,19.600,89.940,"CAPPOL_SMD-151-10007447,150U-1A"
C55,151-10007447,150u,"capacitor,tantal",EIA2917_3P1,NO,0.000,19.900,104.640,"CAPPOL_SMD-151-10007447,150U-1A"
U5,124-10007403,AP2151WG-7,PowerSwitch/DriverUSBENHigh500mASOT-25,DIO_SOT25,NO,0.000,17.750,84.690,"DIO_AP2151_SMD-124-10007403,APB"
U6,124-10007403,AP2151WG-7,PowerSwitch/DriverUSBENHigh500mASOT-25,DIO_SOT25,NO,0.000,18.250,99.340,"DIO_AP2151_SMD-124-10007403,APB"
J11,161-10006756,629105150921,USB Connectors 5P MALE RECEPTACLE Micro AB TopMnt,MIC_USB_WR,NO,90.000,1.250,99.840,MICRO_USB_A_B_SMD-161-10006756B
J31,161-10006756,629105150921,USB Connectors 5P MALE RECEPTACLE Micro AB TopMnt,MIC_USB_WR,NO,90.000,1.250,84.090,MICRO_USB_A_B_SMD-161-10006756B
R6,150-00000001,0,"resistor,0402,1/16Watt,E24",EIA0402,NO,0.000,46.640,38.100,"RES_SMD-150-00000001,0-0,150-0A"
R7,150-00000001,0,"resistor,0402,1/16Watt,E24",EIA0402,YES,180.000,51.040,45.600,"RES_SMD-150-00000001,0-0,150-0A"
R8,150-00000001,0,"resistor,0402,1/16Watt,E24",EIA0402,NO,180.000,34.740,54.300,"RES_SMD-150-00000001,0-0,150-0A"
R11,150-00000001,0,"resistor,0402,1/16Watt,E24",EIA0402,NO,180.000,33.340,46.300,"RES_SMD-150-00000001,0-0,150-0A"
R19,150-00000001,0,"resistor,0402,1/16Watt,E24",EIA0402,YES,0.000,57.340,39.800,"RES_SMD-150-00000001,0-0,150-0A"
R20,150-00000001,0,"resistor,0402,1/16Watt,E24",EIA0402,NO,0.000,31.040,47.300,"RES_SMD-150-00000001,0-0,150-0A"
R23,150-00000001,0,"resistor,0402,1/16Watt,E24",EIA0402,NO,0.000,62.740,30.800,"RES_SMD-150-00000001,0-0,150-0A"
R35,150-00000001,0,"resistor,0402,1/16Watt,E24",EIA0402,NO,270.000,59.840,39.000,"RES_SMD-150-00000001,0-0,150-0A"
R41,150-00000001,0,"resistor,0402,1/16Watt,E24",EIA0402,NO,90.000,58.240,46.000,"RES_SMD-150-00000001,0-0,150-0A"
R61,150-00000001,0,"resistor,0402,1/16Watt,E24",EIA0402,NO,90.000,56.640,38.900,"RES_SMD-150-00000001,0-0,150-0A"
R62,150-00000001,0,"resistor,0402,1/16Watt,E24",EIA0402,YES,180.000,61.475,47.590,"RES_SMD-150-00000001,0-0,150-0A"
R63,150-00000001,0,"resistor,0402,1/16Watt,E24",EIA0402,YES,180.000,59.740,39.800,"RES_SMD-150-00000001,0-0,150-0A"
R64,150-00000001,0,"resistor,0402,1/16Watt,E24",EIA0402,YES,0.000,53.620,47.610,"RES_SMD-150-00000001,0-0,150-0A"
R106,150-00000001,0,"resistor,0402,1/16Watt,E24",EIA0402,NO,180.000,73.510,71.711,"RES_SMD-150-00000001,0-0,150-0A"
R80,150-00000086,2K2,"resistor,0402,1/16Watt,E24",EIA0402,YES,90.000,40.350,18.573,"RES_SMD-150-00000086,2K2-150-0A"
J5,161-10004086,RJ45_J0011D21BNL,"Ethernet, Connector, RJ45, Coil",PUL_RJ45_B,NO,270.000,69.500,81.840,"RJ45_CON_J0_THT-161-10004086,RB"
S1,180-10007412,PTS645SM43SMTR92LFS,SWITCHBLUETACTILESPST-NO0.05A12V,PTS645SL43SM,NO,0.000,5.830,122.193,"BUT_4PIN_SMD-180-10007412,PTS6B"
S2,180-10007412,PTS645SM43SMTR92LFS,SWITCHBLUETACTILESPST-NO0.05A12V,PTS645SL43SM,NO,0.000,5.814,129.729,"BUT_4PIN_SMD-180-10007412,PTS6B"
S3,180-10007413,PTS645SK43SMTR92LFS,SWITCHREDTACTILESPST-NO0.05A12V,PTS645SL43SK,NO,0.000,5.814,138.649,"BUT_4PIN_SMD-180-10007413,PTS6B"
LED1,140-10007407,BLUE,LEDBLUECLEAR0603SMD,SMCW-0603_B,NO,270.000,2.667,115.054,"LED_SMD-140-10007407,BLUE-140-A"
LED3,140-10007408,RED,LEDREDCLEAR0603SMD,SMCW-0603_R,NO,270.000,10.847,115.058,"LED_SMD-140-10007408,RED-140-1A"
LED5,140-10007409,YELLOW,LEDYELLOWCLEAR0603SMD,SMCW-0603_Y,NO,0.000,68.810,108.911,"LED_SMD-140-10007409,YELLOW-14A"
D2,141-10007448,RCLAMP0582N,"TVSdiode,USB",6-UFDFN,NO,0.000,6.250,100.340,"RCLAMP0582N_SMD-141-10007448,RB"
D8,141-10007448,RCLAMP0582N,"TVSdiode,USB",6-UFDFN,NO,0.000,6.250,84.590,"RCLAMP0582N_SMD-141-10007448,RB"
D7,141-10007448,RCLAMP0582N,"TVSdiode,USB",6-UFDFN,NO,180.000,72.346,98.501,"RCLAMP0582N_SMD-141-10007448,RB"
MP1,201-10007449,Rubber Foot d=6.4mm/h=2.1mm black,"Bumper Cylindrical, Dia 6.35mm, height=2.1mm",BS25BL07X30RP,YES,90.000,76.000,4.000,"RUBBER_FOOT_SMD-201-10007449,RB"
MP2,201-10007449,Rubber Foot d=6.4mm/h=2.1mm black,"Bumper Cylindrical, Dia 6.35mm, height=2.1mm",BS25BL07X30RP,YES,90.000,4.000,4.000,"RUBBER_FOOT_SMD-201-10007449,RB"
MP3,201-10007449,Rubber Foot d=6.4mm/h=2.1mm black,"Bumper Cylindrical, Dia 6.35mm, height=2.1mm",BS25BL07X30RP,YES,90.000,4.000,165.750,"RUBBER_FOOT_SMD-201-10007449,RB"
MP4,201-10007449,Rubber Foot d=6.4mm/h=2.1mm black,"Bumper Cylindrical, Dia 6.35mm, height=2.1mm",BS25BL07X30RP,YES,90.000,76.070,165.840,"RUBBER_FOOT_SMD-201-10007449,RB"
MP5,201-10007449,Rubber Foot d=6.4mm/h=2.1mm black,"Bumper Cylindrical, Dia 6.35mm, height=2.1mm",BS25BL07X30RP,YES,90.000,76.000,72.850,"RUBBER_FOOT_SMD-201-10007449,RB"
MP6,201-10007449,Rubber Foot d=6.4mm/h=2.1mm black,"Bumper Cylindrical, Dia 6.35mm, height=2.1mm",BS25BL07X30RP,YES,90.000,4.000,72.750,"RUBBER_FOOT_SMD-201-10007449,RB"
Y2,170-10004990,ABS06-32.768KHZ,"Crystal, high precision",ABR_ABS06,NO,180.000,36.850,16.223,"CRYSTAL_SMD-170-10004990,ABS06B"
J20,160-10007217,FTSH-110-01-L-DV-007-K 20-way,SMD MICRO Header,SAM_FTSH_110_01_L_DV_007_K,NO,90.000,74.004,129.424,DOUBLE_ROW_10_SMD-160-10007217B
J29,160-10007398,HDR8way2.00mm,ConnectorHeaderThroughHole8position2.00mm,N042PAEN-RC,NO,0.000,60.706,113.074,"DOUBLE_ROW_4_THT-160-10007398,B"
J13,160-10007395,HDR10way-pin7omitted,"ConnectorHeaderSurfaceMount10position0.050(1.27mm),pin7omitted",FTSH-105-01-007-DV-K,NO,90.000,74.049,112.663,"DOUBLE_ROW_5_SMD-160-10007395,B"
J25,160-10005307,socket 12way Pmod_if,"socket, 12way,2row,right-angle,Pmod Interface",2X6X2_54_DIGILENT_HOST,NO,90.000,70.569,151.111,DOUBLE_ROW_6_PMOD_IF_THT-160-1B
J26,160-10005307,socket 12way Pmod_if,"socket, 12way,2row,right-angle,Pmod Interface",2X6X2_54_DIGILENT_HOST,NO,270.000,9.431,151.111,DOUBLE_ROW_6_PMOD_IF_THT-160-1B
U8,122-10007411,ISL80102IRAJZ,LinearVoltageRegulatorICPositiveAdjustable1Output2A10-DFN(3x3),ISL_DFN10,NO,180.000,38.931,115.744,"INT_ISL8010X_SMD-122-10007411,B"
LED4,140-10005530,LTW-C-191TS5,White LED 180 mcd 0603,LIT_0603_LED,NO,0.000,35.290,105.157,"LED_SMD-140-10005530,LTW-C-191B"
LED2,140-10007406,GREEN,LEDGREENCLEAR0603SMD,SMCW-0603_G,NO,270.000,6.577,115.062,"LED_SMD-140-10007406,GREEN-140A"
J10,161-10007394,ZX62D-B-5PA8_30,USB-microBUSB2.0 Receptacle Connector 5Position Surface Mount RightAngle ThroughHole,HIR_ZX62D-B-5PA8_30,NO,90.000,78.550,98.840,MICRO_USB_B_9PIN_SMD-161-10007B
R103,150-00000042,33,"resistor,0402,1/16Watt,E24",EIA0402,NO,270.000,50.750,75.190,"RES_SMD-150-00000042,33-150-00A"
R21,150-00000042,33,"resistor,0402,1/16Watt,E24",EIA0402,NO,180.000,8.500,99.590,"RES_SMD-150-00000042,33-150-00A"
R22,150-00000042,33,"resistor,0402,1/16Watt,E24",EIA0402,NO,180.000,8.500,100.590,"RES_SMD-150-00000042,33-150-00A"
R44,150-00000042,33,"resistor,0402,1/16Watt,E24",EIA0402,YES,90.000,53.200,84.440,"RES_SMD-150-00000042,33-150-00A"
R46,150-00000042,33,"resistor,0402,1/16Watt,E24",EIA0402,YES,90.000,50.800,84.440,"RES_SMD-150-00000042,33-150-00A"
R47,150-00000042,33,"resistor,0402,1/16Watt,E24",EIA0402,YES,90.000,52.000,84.440,"RES_SMD-150-00000042,33-150-00A"
R48,150-00000042,33,"resistor,0402,1/16Watt,E24",EIA0402,NO,90.000,48.010,73.011,"RES_SMD-150-00000042,33-150-00A"
R49,150-00000042,33,"resistor,0402,1/16Watt,E24",EIA0402,NO,90.000,47.010,73.011,"RES_SMD-150-00000042,33-150-00A"
R50,150-00000042,33,"resistor,0402,1/16Watt,E24",EIA0402,YES,180.000,46.100,76.140,"RES_SMD-150-00000042,33-150-00A"
R51,150-00000042,33,"resistor,0402,1/16Watt,E24",EIA0402,YES,0.000,49.990,82.030,"RES_SMD-150-00000042,33-150-00A"
R52,150-00000042,33,"resistor,0402,1/16Watt,E24",EIA0402,NO,315.000,47.200,82.740,"RES_SMD-150-00000042,33-150-00A"
R53,150-00000042,33,"resistor,0402,1/16Watt,E24",EIA0402,YES,0.000,49.240,81.000,"RES_SMD-150-00000042,33-150-00A"
R54,150-00000042,33,"resistor,0402,1/16Watt,E24",EIA0402,YES,180.000,46.100,78.540,"RES_SMD-150-00000042,33-150-00A"
R55,150-00000042,33,"resistor,0402,1/16Watt,E24",EIA0402,NO,0.000,50.250,73.790,"RES_SMD-150-00000042,33-150-00A"
R56,150-00000042,33,"resistor,0402,1/16Watt,E24",EIA0402,YES,90.000,54.400,84.440,"RES_SMD-150-00000042,33-150-00A"
R83,150-00000042,33,"resistor,0402,1/16Watt,E24",EIA0402,NO,180.000,8.500,85.090,"RES_SMD-150-00000042,33-150-00A"
R84,150-00000042,33,"resistor,0402,1/16Watt,E24",EIA0402,NO,180.000,8.500,84.090,"RES_SMD-150-00000042,33-150-00A"
R32,150-00000055,110,"resistor,0402,1/16Watt,E24",EIA0402,NO,180.000,3.171,113.003,"RES_SMD-150-00000055,110-110,1A"
R57,150-00000078,1K0,"resistor,0402,1/16Watt,E24",EIA0402,YES,90.000,53.200,87.040,"RES_SMD-150-00000078,1K0-150-0A"
R98,150-00000078,1K0,"resistor,0402,1/16Watt,E24",EIA0402,YES,180.000,46.090,81.410,"RES_SMD-150-00000078,1K0-150-0A"
R109,150-00000078,1K0,"resistor,0402,1/16Watt,E24",EIA0402,NO,180.000,75.410,72.711,"RES_SMD-150-00000078,1K0-150-0A"
R110,150-00000078,1K0,"resistor,0402,1/16Watt,E24",EIA0402,NO,180.000,73.700,91.840,"RES_SMD-150-00000078,1K0-150-0A"
R24,150-00000078,1K0,"resistor,0402,1/16Watt,E24",EIA0402,NO,270.000,39.003,111.897,"RES_SMD-150-00000078,1K0-150-0A"
R16,150-00000082,1K5,"resistor,0402,1/16Watt,E24",EIA0402,NO,90.000,26.500,157.840,"RES_SMD-150-00000082,1K5-150-0A"
R30,150-00000082,1K5,"resistor,0402,1/16Watt,E24",EIA0402,NO,90.000,28.500,157.840,"RES_SMD-150-00000082,1K5-150-0A"
R37,150-00000082,1K5,"resistor,0402,1/16Watt,E24",EIA0402,NO,270.000,21.495,114.997,"RES_SMD-150-00000082,1K5-150-0A"
R42,150-00000082,1K5,"resistor,0402,1/16Watt,E24",EIA0402,NO,0.000,29.250,20.385,"RES_SMD-150-00000082,1K5-150-0A"
R43,150-00000082,1K5,"resistor,0402,1/16Watt,E24",EIA0402,NO,0.000,29.260,18.895,"RES_SMD-150-00000082,1K5-150-0A"
R10,150-00000085,2K0,"resistor,0402,1/16Watt,E24",EIA0402,NO,180.000,71.310,108.911,"RES_SMD-150-00000085,2K0-150-0A"
R38,150-00000094,4K7,"resistor,0402,1/16Watt,E24",EIA0402,NO,90.000,11.322,135.936,"RES_SMD-150-00000094,4K7-150-0A"
R65,150-00000102,10K,"resistor,0402,1/16Watt,E24",EIA0402,NO,90.000,63.040,109.850,"RES_SMD-150-00000102,10K-10K,1A"
R66,150-00000102,10K,"resistor,0402,1/16Watt,E24",EIA0402,NO,90.000,64.090,109.850,"RES_SMD-150-00000102,10K-10K,1A"
R123,150-00000102,10K,"resistor,0402,1/16Watt,E24",EIA0402,YES,90.000,44.701,14.688,"RES_SMD-150-00000102,10K-10K,1A"
R96,150-00000102,10K,"resistor,0402,1/16Watt,E24",EIA0402,YES,180.000,46.100,77.340,"RES_SMD-150-00000102,10K-10K,1A"
R97,150-00000102,10K,"resistor,0402,1/16Watt,E24",EIA0402,YES,180.000,46.050,79.840,"RES_SMD-150-00000102,10K-10K,1A"
R99,150-00000102,10K,"resistor,0402,1/16Watt,E24",EIA0402,YES,135.000,47.200,82.740,"RES_SMD-150-00000102,10K-10K,1A"
R100,150-00000102,10K,"resistor,0402,1/16Watt,E24",EIA0402,YES,315.000,47.800,83.340,"RES_SMD-150-00000102,10K-10K,1A"
R101,150-00000102,10K,"resistor,0402,1/16Watt,E24",EIA0402,YES,270.000,48.800,84.440,"RES_SMD-150-00000102,10K-10K,1A"
R102,150-00000102,10K,"resistor,0402,1/16Watt,E24",EIA0402,YES,0.000,43.600,78.540,"RES_SMD-150-00000102,10K-10K,1A"
R107,150-00000102,10K,"resistor,0402,1/16Watt,E24",EIA0402,NO,0.000,73.510,72.711,"RES_SMD-150-00000102,10K-10K,1A"
R108,150-00000102,10K,"resistor,0402,1/16Watt,E24",EIA0402,NO,0.000,73.700,90.840,"RES_SMD-150-00000102,10K-10K,1A"
R111,150-00000102,10K,"resistor,0402,1/16Watt,E24",EIA0402,NO,270.000,29.140,46.100,"RES_SMD-150-00000102,10K-10K,1A"
R119,150-00000102,10K,"resistor,0402,1/16Watt,E24",EIA0402,NO,270.000,61.640,96.320,"RES_SMD-150-00000102,10K-10K,1A"
R17,150-00000102,10K,"resistor,0402,1/16Watt,E24",EIA0402,NO,90.000,13.250,98.840,"RES_SMD-150-00000102,10K-10K,1A"
R18,150-00000102,10K,"resistor,0402,1/16Watt,E24",EIA0402,NO,0.000,20.750,96.840,"RES_SMD-150-00000102,10K-10K,1A"
R58,150-00000102,10K,"resistor,0402,1/16Watt,E24",EIA0402,YES,90.000,52.000,87.040,"RES_SMD-150-00000102,10K-10K,1A"
R59,150-00000102,10K,"resistor,0402,1/16Watt,E24",EIA0402,YES,90.000,49.800,84.440,"RES_SMD-150-00000102,10K-10K,1A"
R60,150-00000102,10K,"resistor,0402,1/16Watt,E24",EIA0402,YES,90.000,54.400,87.040,"RES_SMD-150-00000102,10K-10K,1A"
R82,150-00000102,10K,"resistor,0402,1/16Watt,E24",EIA0402,NO,0.000,19.750,82.190,"RES_SMD-150-00000102,10K-10K,1A"
R88,150-00000102,10K,"resistor,0402,1/16Watt,E24",EIA0402,NO,90.000,13.250,84.090,"RES_SMD-150-00000102,10K-10K,1A"
R9,150-00000102,10K,"resistor,0402,1/16Watt,E24",EIA0402,NO,180.000,69.810,103.911,"RES_SMD-150-00000102,10K-10K,1A"
R12,150-00000102,10K,"resistor,0402,1/16Watt,E24",EIA0402,NO,270.000,44.720,113.505,"RES_SMD-150-00000102,10K-10K,1A"
R13,150-00000102,10K,"resistor,0402,1/16Watt,E24",EIA0402,NO,270.000,45.933,113.505,"RES_SMD-150-00000102,10K-10K,1A"
R14,150-00000102,10K,"resistor,0402,1/16Watt,E24",EIA0402,NO,180.000,47.720,25.220,"RES_SMD-150-00000102,10K-10K,1A"
R28,150-00000102,10K,"resistor,0402,1/16Watt,E24",EIA0402,NO,180.000,69.810,101.911,"RES_SMD-150-00000102,10K-10K,1A"
R31,150-00000102,10K,"resistor,0402,1/16Watt,E24",EIA0402,NO,90.000,14.495,115.005,"RES_SMD-150-00000102,10K-10K,1A"
R36,150-00000102,10K,"resistor,0402,1/16Watt,E24",EIA0402,NO,90.000,36.495,115.843,"RES_SMD-150-00000102,10K-10K,1A"
R39,150-00000102,10K,"resistor,0402,1/16Watt,E24",EIA0402,NO,270.000,11.335,122.289,"RES_SMD-150-00000102,10K-10K,1A"
R40,150-00000102,10K,"resistor,0402,1/16Watt,E24",EIA0402,NO,270.000,11.325,129.721,"RES_SMD-150-00000102,10K-10K,1A"
R45,150-00000102,10K,"resistor,0402,1/16Watt,E24",EIA0402,NO,180.000,69.810,102.911,"RES_SMD-150-00000102,10K-10K,1A"
R4,150-00000106,15K,"resistor,0402,1/16Watt,E24",EIA0402,NO,180.000,67.390,97.100,"RES_SMD-150-00000106,15K-150-0A"
R25,150-00000106,15K,"resistor,0402,1/16Watt,E24",EIA0402,NO,180.000,7.250,107.090,"RES_SMD-150-00000106,15K-150-0A"
R86,150-00000106,15K,"resistor,0402,1/16Watt,E24",EIA0402,NO,180.000,6.750,91.390,"RES_SMD-150-00000106,15K-150-0A"
R5,150-00000113,30K,"resistor,0402,1/16Watt,E24",EIA0402,NO,0.000,67.390,98.100,"RES_SMD-150-00000113,30K-150-0A"
R26,150-00000113,30K,"resistor,0402,1/16Watt,E24",EIA0402,NO,0.000,10.250,107.090,"RES_SMD-150-00000113,30K-150-0A"
R85,150-00000113,30K,"resistor,0402,1/16Watt,E24",EIA0402,NO,0.000,9.750,91.390,"RES_SMD-150-00000113,30K-150-0A"
R15,150-00000113,30K,"resistor,0402,1/16Watt,E24",EIA0402,NO,90.000,69.100,112.150,"RES_SMD-150-00000113,30K-150-0A"
R27,150-00001090,464,"resistor,0402,1/16Watt,E96",EIA0402,NO,270.000,40.485,112.423,"RES_SMD-150-00001090,464-150-0A"
R33,150-00001152,2k37,"resistor,0402,1/16Watt,E96",EIA0402,NO,180.000,11.345,113.005,"RES_SMD-150-00001152,2K37-150-A"
R34,150-00001152,2k37,"resistor,0402,1/16Watt,E96",EIA0402,NO,180.000,7.077,113.005,"RES_SMD-150-00001152,2K37-150-A"
R29,150-00001156,2k61,"resistor,0402,1/16Watt,E96",EIA0402,NO,270.000,43.500,113.505,"RES_SMD-150-00001156,2K61-150-A"
R2,150-10007015,0.005,Currentsenseresistor,EIA0805,NO,180.000,50.010,22.651,"RES_SMD-150-10007015,0.005-0.0A"
R3,150-10007015,0.005,Currentsenseresistor,EIA0805,NO,135.000,24.690,34.250,"RES_SMD-150-10007015,0.005-0.0A"
D4,141-10006962,MBR140SFT1G,SchottkyDiode,ON_SOD-123FL,NO,180.000,31.000,114.090,"SCHOTDIO_SMD-141-10006962,MBR1B"
D6,141-10006962,MBR140SFT1G,SchottkyDiode,ON_SOD-123FL,NO,180.000,31.000,109.090,"SCHOTDIO_SMD-141-10006962,MBR1B"
D3,141-10006962,MBR140SFT1G,SchottkyDiode,ON_SOD-123FL,NO,180.000,31.020,111.755,"SCHOTDIO_SMD-141-10006962,MBR1B"
E15,179-10007420,Jumper_Trace_Cut,scraper_bridge,TRACE-CUT,YES,180.000,71.040,141.500,SCRAPER_BRIDGE_SMD-179-1000742B
E16,179-10007420,Jumper_Trace_Cut,scraper_bridge,TRACE-CUT,YES,0.000,74.040,139.000,SCRAPER_BRIDGE_SMD-179-1000742B
E19,179-10007420,Jumper_Trace_Cut,scraper_bridge,TRACE-CUT,YES,180.000,6.540,135.250,SCRAPER_BRIDGE_SMD-179-1000742B
E20,179-10007420,Jumper_Trace_Cut,scraper_bridge,TRACE-CUT,YES,180.000,9.540,133.250,SCRAPER_BRIDGE_SMD-179-1000742B
E8,179-10007420,Jumper_Trace_Cut,scraper_bridge,TRACE-CUT,YES,180.000,75.540,122.000,SCRAPER_BRIDGE_SMD-179-1000742B
E44,179-10007420,Jumper_Trace_Cut,scraper_bridge,TRACE-CUT,NO,180.000,17.350,96.720,SCRAPER_BRIDGE_SMD-179-1000742B
E45,179-10007420,Jumper_Trace_Cut,scraper_bridge,TRACE-CUT,NO,270.000,15.150,99.070,SCRAPER_BRIDGE_SMD-179-1000742B
E46,179-10007420,Jumper_Trace_Cut,scraper_bridge,TRACE-CUT,NO,180.000,17.240,82.120,SCRAPER_BRIDGE_SMD-179-1000742B
E47,179-10007420,Jumper_Trace_Cut,scraper_bridge,TRACE-CUT,NO,270.000,14.700,84.020,SCRAPER_BRIDGE_SMD-179-1000742B
E39,179-10007420,Jumper_Trace_Cut,scraper_bridge,TRACE-CUT,NO,90.000,39.600,157.720,SCRAPER_BRIDGE_SMD-179-1000742B
E40,179-10007420,Jumper_Trace_Cut,scraper_bridge,TRACE-CUT,NO,90.000,37.900,157.720,SCRAPER_BRIDGE_SMD-179-1000742B
E43,179-10007420,Jumper_Trace_Cut,scraper_bridge,TRACE-CUT,YES,0.000,29.590,30.052,SCRAPER_BRIDGE_SMD-179-1000742B
E25,179-10007420,Jumper_Trace_Cut,scraper_bridge,TRACE-CUT,YES,180.000,9.540,137.250,SCRAPER_BRIDGE_SMD-179-1000742B
E2,179-10007420,Jumper_Trace_Cut,scraper_bridge,TRACE-CUT,YES,0.000,29.590,28.352,SCRAPER_BRIDGE_SMD-179-1000742B
E7,179-10007420,Jumper_Trace_Cut,scraper_bridge,TRACE-CUT,NO,180.000,40.075,15.643,SCRAPER_BRIDGE_SMD-179-1000742B
E11,179-10007420,Jumper_Trace_Cut,scraper_bridge,TRACE-CUT,NO,180.000,42.550,15.630,SCRAPER_BRIDGE_SMD-179-1000742B
E1,179-10007420,Jumper_Trace_Cut,scraper_bridge,TRACE-CUT,YES,180.000,29.590,23.202,SCRAPER_BRIDGE_SMD-179-1000742B
E3,179-10007420,Jumper_Trace_Cut,scraper_bridge,TRACE-CUT,YES,0.000,29.540,33.602,SCRAPER_BRIDGE_SMD-179-1000742B
E4,179-10007420,Jumper_Trace_Cut,scraper_bridge,TRACE-CUT,YES,180.000,29.540,31.902,SCRAPER_BRIDGE_SMD-179-1000742B
E5,179-10007420,Jumper_Trace_Cut,scraper_bridge,TRACE-CUT,YES,180.000,29.590,26.652,SCRAPER_BRIDGE_SMD-179-1000742B
E6,179-10007420,Jumper_Trace_Cut,scraper_bridge,TRACE-CUT,YES,0.000,29.590,24.902,SCRAPER_BRIDGE_SMD-179-1000742B
E26,179-10007420,Jumper_Trace_Cut,scraper_bridge,TRACE-CUT,YES,90.000,6.895,113.901,SCRAPER_BRIDGE_SMD-179-1000742B
E27,179-10007420,Jumper_Trace_Cut,scraper_bridge,TRACE-CUT,YES,90.000,2.975,113.913,SCRAPER_BRIDGE_SMD-179-1000742B
E28,179-10007420,Jumper_Trace_Cut,scraper_bridge,TRACE-CUT,YES,90.000,11.195,113.935,SCRAPER_BRIDGE_SMD-179-1000742B
E29,179-10007420,Jumper_Trace_Cut,scraper_bridge,TRACE-CUT,YES,180.000,46.514,114.898,SCRAPER_BRIDGE_SMD-179-1000742B
E30,179-10007420,Jumper_Trace_Cut,scraper_bridge,TRACE-CUT,YES,0.000,75.540,119.500,SCRAPER_BRIDGE_SMD-179-1000742B
E31,179-10007420,Jumper_Trace_Cut,scraper_bridge,TRACE-CUT,YES,90.000,5.825,120.491,SCRAPER_BRIDGE_SMD-179-1000742B
E32,179-10007420,Jumper_Trace_Cut,scraper_bridge,TRACE-CUT,YES,90.000,5.815,128.123,SCRAPER_BRIDGE_SMD-179-1000742B
J24,160-10004348,socket 10way,"socket, 10way,1row,vertical,",1X10X2_54_S,NO,90.000,64.130,153.585,SINGLE_ROW_10_THT-160-10004348B
J32,160-10007399,HDR2way2.00mm,ConnectorHeaderThroughHole2position2.00mm,N021PAEN-RC,NO,270.000,39.000,136.777,"SINGLE_ROW_2_THT-160-10007399,B"
J15,160-10007399,HDR2way2.00mm,ConnectorHeaderThroughHole2position2.00mm,N021PAEN-RC,NO,0.000,9.750,102.840,"SINGLE_ROW_2_THT-160-10007399,B"
J17,160-10007399,HDR2way2.00mm,ConnectorHeaderThroughHole2position2.00mm,N021PAEN-RC,NO,0.000,9.250,87.090,"SINGLE_ROW_2_THT-160-10007399,B"
J6,160-10007399,HDR2way2.00mm,ConnectorHeaderThroughHole2position2.00mm,N021PAEN-RC,NO,90.000,53.340,113.074,"SINGLE_ROW_2_THT-160-10007399,B"
J9,160-10007399,HDR2way2.00mm,ConnectorHeaderThroughHole2position2.00mm,N021PAEN-RC,NO,0.000,67.670,92.371,"SINGLE_ROW_2_THT-160-10007399,B"
J16,160-10007399,HDR2way2.00mm,ConnectorHeaderThroughHole2position2.00mm,N021PAEN-RC,NO,180.000,17.999,115.500,"SINGLE_ROW_2_THT-160-10007399,B"
J30,160-10007416,SM04B-SRSS-TB,"header,4way,1row,horizontal,QWIIC",JST_SM04B-SRSS-TBLFSN,NO,180.000,40.010,163.960,"SINGLE_ROW_4_SMD-160-10007416,B"
J27,160-10007397,110990037,GROVE2mm4pinR/A,SEE_4PIN_RA_110990037,NO,0.000,29.541,161.241,"SINGLE_ROW_4_THT-160-10007397,B"
J28,160-10007397,110990037,GROVE2mm4pinR/A,SEE_4PIN_RA_110990037,NO,0.000,50.440,161.261,"SINGLE_ROW_4_THT-160-10007397,B"
J19,160-10004344,socket 6way,"socket, 6way,1row,vertical,",1X6X2_54_S,NO,270.000,15.870,126.661,"SINGLE_ROW_6_THT-160-10004344,B"
J21,160-10007396,SKT8way2.54mm,8PositionSocketConnectorThroughHole,TE_5-535541-6,NO,270.000,28.570,135.777,"SINGLE_ROW_8_THT-160-10007396,B"
J22,160-10007396,SKT8way2.54mm,8PositionSocketConnectorThroughHole,TE_5-535541-6,NO,270.000,51.430,135.780,"SINGLE_ROW_8_THT-160-10007396,B"
E10,179-10007422,Jumper_Solder_Bridge,solder_bridge,SOLDER-BRIGE,YES,180.000,71.040,139.000,SOLDER_BRIDGE_SMD-179-10007422B
E14,179-10007422,Jumper_Solder_Bridge,solder_bridge,SOLDER-BRIGE,YES,0.000,74.040,141.500,SOLDER_BRIDGE_SMD-179-10007422B
E17,179-10007422,Jumper_Solder_Bridge,solder_bridge,SOLDER-BRIGE,YES,180.000,6.540,137.250,SOLDER_BRIDGE_SMD-179-10007422B
E18,179-10007422,Jumper_Solder_Bridge,solder_bridge,SOLDER-BRIGE,YES,0.000,9.540,135.250,SOLDER_BRIDGE_SMD-179-10007422B
E9,179-10007422,Jumper_Solder_Bridge,solder_bridge,SOLDER-BRIGE,YES,0.000,59.540,70.200,SOLDER_BRIDGE_SMD-179-10007422B
E41,179-10007422,Jumper_Solder_Bridge,solder_bridge,SOLDER-BRIGE,NO,90.000,37.910,154.411,SOLDER_BRIDGE_SMD-179-10007422B
E42,179-10007422,Jumper_Solder_Bridge,solder_bridge,SOLDER-BRIGE,NO,90.000,39.610,154.411,SOLDER_BRIDGE_SMD-179-10007422B
E36,179-10007422,Jumper_Solder_Bridge,solder_bridge,SOLDER-BRIGE,YES,180.000,9.540,139.250,SOLDER_BRIDGE_SMD-179-10007422B
E37,179-10007422,Jumper_Solder_Bridge,solder_bridge,SOLDER-BRIGE,YES,0.000,6.540,139.250,SOLDER_BRIDGE_SMD-179-10007422B
E38,179-10007422,Jumper_Solder_Bridge,solder_bridge,SOLDER-BRIGE,YES,0.000,6.540,133.250,SOLDER_BRIDGE_SMD-179-10007422B
E12,179-10007422,Jumper_Solder_Bridge,solder_bridge,SOLDER-BRIGE,NO,180.000,42.575,17.343,SOLDER_BRIDGE_SMD-179-10007422B
E13,179-10007422,Jumper_Solder_Bridge,solder_bridge,SOLDER-BRIGE,NO,180.000,40.075,17.343,SOLDER_BRIDGE_SMD-179-10007422B
TP2,179-10007402,5019,"TestPoint,Loop,Miniature,3.81mmx2.03mm,SMT",KEY_5019,NO,90.000,58.610,14.351,"TP_SMD-179-10007402,5019-1,179A"
TP4,179-10007402,5019,"TestPoint,Loop,Miniature,3.81mmx2.03mm,SMT",KEY_5019,NO,90.000,54.145,14.360,"TP_SMD-179-10007402,5019-1,179A"
TP1,179-10007402,5019,"TestPoint,Loop,Miniature,3.81mmx2.03mm,SMT",KEY_5019,NO,90.000,20.450,14.350,"TP_SMD-179-10007402,5019-1,179A"
TP3,179-10007402,5019,"TestPoint,Loop,Miniature,3.81mmx2.03mm,SMT",KEY_5019,NO,90.000,24.970,14.351,"TP_SMD-179-10007402,5019-1,179A"
TP7,179-10007402,5019,"TestPoint,Loop,Miniature,3.81mmx2.03mm,SMT",KEY_5019,NO,180.000,8.999,162.749,"TP_SMD-179-10007402,5019-1,179A"
TP8,179-10007402,5019,"TestPoint,Loop,Miniature,3.81mmx2.03mm,SMT",KEY_5019,NO,180.000,71.001,166.750,"TP_SMD-179-10007402,5019-1,179A"
TP9,179-10007402,5019,"TestPoint,Loop,Miniature,3.81mmx2.03mm,SMT",KEY_5019,NO,180.000,8.999,166.750,"TP_SMD-179-10007402,5019-1,179A"
TP10,179-10007402,5019,"TestPoint,Loop,Miniature,3.81mmx2.03mm,SMT",KEY_5019,NO,180.000,71.001,162.749,"TP_SMD-179-10007402,5019-1,179A"
J18,160-10004346,socket 8way,"socket, 8way,1row,vertical,",1X8X2_54_S,NO,90.000,15.870,146.981,"SINGLE_ROW_8_THT-160-10004346,B"
J23,160-10004346,socket 8way,"socket, 8way,1row,vertical,",1X8X2_54_S,NO,270.000,64.130,129.201,"SINGLE_ROW_8_THT-160-10004346,B"
