FILE_TYPE=LIBRARY_PARTS;
primitive 'RES4S_SMD';
  pin
    'A'<0>:
      PIN_NUMBER='(4,3,2,1)';
      PINUSE='UNSPEC';
      PIN_GROUP='1';
      NO_LOAD_CHECK='Both';
      NO_IO_CHECK='Both';
      NO_ASSERT_CHECK='TRUE';
      NO_DIR_CHECK='TRUE';
      ALLOW_CONNECT='TRUE';
    'B'<0>:
      PIN_NUMBER='(5,6,7,8)';
      PINUSE='UNSPEC';
      PIN_GROUP='1';
      NO_LOAD_CHECK='Both';
      NO_IO_CHECK='Both';
      NO_ASSERT_CHECK='TRUE';
      NO_DIR_CHECK='TRUE';
      ALLOW_CONNECT='TRUE';
  end_pin;
  body
    PART_NAME='RES4S';
    BODY_NAME='RES4S';
    PHYS_DES_PREFIX='MR';
    CLASS='DISCRETE';
  end_body;
end_primitive;

END.
