	(Comment
		(Time 04/19/13,14:19:25)
		(User cdsadmin4)
		(MsgId ECO_332)
		(Text "Revision for symbol sym_2 has been updated to 1.0.0")
		(Param1 "sym_2")
		(Param2 "1.0.0")
	)
	(Comment
		(Time 04/19/13,14:19:25)
		(User cdsadmin4)
		(MsgId ECO_332)
		(Text "Revision for symbol sym_1 has been updated to 1.0.0")
		(Param1 "sym_1")
		(Param2 "1.0.0")
	)
	(Comment
		(Time 04/19/13,14:19:25)
		(User cdsadmin4)
		(MsgId ECO_333)
		(Text "Revision for package DOUBLE_ROW_6_PMOD_IF_THT has been updated to 1.0.0")
		(Param1 "DOUBLE_ROW_6_PMOD_IF_THT")
		(Param2 "1.0.0")
	)
	(Comment
		(Time 04/19/13,14:19:25)
		(User cdsadmin4)
		(MsgId ECO_331)
		(Text "Revision for cell double_row_6_pmod_if has been updated to 1.0.0")
		(Param1 "double_row_6_pmod_if")
		(Param2 "1.0.0")
	)
