(Cell	single_row_8

	(RevisionInfoBlock	

		(Baselined	1)

		(Revision	1.0.0)

		(ModificationStatus	NULL)

		(Status	Baselined)

		(ErrorStatus	0)

		(CreateInfo	

			(Time	04/25/12,16:33:05)

			(User	cdsadmin3)

			(Path	con_160_b_to_b.single_row_8)

		)

	)

	(Views	

		(View	Symbol

			(Symbols	1

				(Symbol	sym_1

					(Symbol_Type	Normal)

					(Max_Size	0)

					(Checksum	0000000046afc0f1)

					(RevisionInfoBlock	

						(Baselined	1)

						(Revision	1.0.0)

						(ModificationStatus	NULL)

						(Status	Baselined)

						(ErrorStatus	0)

						(CreateInfo	

							(Time	04/25/12,16:33:05)

							(User	cdsadmin3)

							(Path	con_160_b_to_b.single_row_8)

						)

					)

				)

			)

			(Checksum	000000001d4703dc)

		)

		(View	Chips

			(Checksum	0000000032b81532)

			(Primitives	1

				(Primitive	SINGLE_ROW_8_THT

					(RevisionInfoBlock	

						(Baselined	1)

						(Revision	1.0.0)

						(ModificationStatus	NULL)

						(Status	Baselined)

						(ErrorStatus	0)

						(CreateInfo	

							(Time	04/25/12,16:33:05)

							(User	cdsadmin3)

							(Path	con_160_b_to_b.single_row_8)

						)

					)

					(LogicalPhysicalPartRelation	

						(LogicalPart	SINGLE_ROW_8

							(PackType	SINGLE_ROW_8_THT)

							(PackType	SINGLE_ROW_8_SMD)

						)

					)

					(Packages	2

						(FunctionGroups	1

							(FunctionGroup	1[1]

								(Linkages	

									(Linkage	Symbol

										(Name	sym_1)

									)

								)

							)

						)

					)

				)

			)

		)

		(Checksum	000000001dd003e6)

	)

	(VersionInfoBlock	

		(ToolName	PDV)

		(Version	16.5-S003 (v16-5-13M))

		(License	PCB_librarian_expert)

	)

	(Checksum	000000001cb503a8)

)


