@@(#)$CDS: Archiver version 22.1 S002 (4088182) 2/6/2023
Archiving cellview J:\td_v1\hw\proj_CAD_REE\rsk_team\ek_ra8d1_v0300_es\hw\cad_ek_ra8d1_v0300_es\worklib\ek_ra8d1, from library ek_ra8d1

Archiving cellview J:\ACLib\ree_lib\de_hdl\oth_179_divers\tp, from library oth_179_divers

Archiving cellview J:\ACLib\ree_lib\de_hdl\pro_201_mechanical_parts\rubber_foot, from library pro_201_mechanical_parts

Archiving cellview J:\ACLib\ree_lib\de_hdl\ana_122_dc_dc\int_isl8010x, from library ana_122_dc_dc

Archiving cellview J:\ACLib\ree_lib\de_hdl\con_160_b_to_b\single_row_2, from library con_160_b_to_b

Archiving cellview J:\ACLib\ree_lib\de_hdl\pas_150_resistor\res, from library pas_150_resistor

Archiving cellview J:\ACLib\ree_lib\de_hdl\dis_140_dio_led\led, from library dis_140_dio_led

Archiving cellview J:\ACLib\ree_lib\de_hdl\pas_151_capacitor\cap, from library pas_151_capacitor

Archiving cellview J:\ACLib\ree_lib\de_hdl\oth_180_switch\but_4pin, from library oth_180_switch

Archiving cellview J:\ACLib\ree_lib\de_hdl\dis_141_dio_rec\schotdio, from library dis_141_dio_rec

Archiving cellview J:\ACLib\ree_lib\de_hdl\oth_179_divers\scraper_bridge, from library oth_179_divers

Archiving cellview J:\ACLib\ree_lib\de_hdl\con_161_interface\micro_usb_a_b, from library con_161_interface

Archiving cellview J:\ACLib\ree_lib\de_hdl\con_160_b_to_b\single_row_3, from library con_160_b_to_b

Archiving cellview J:\ACLib\ree_lib\de_hdl\pas_153_filter\mur_dlp11, from library pas_153_filter

Archiving cellview J:\ACLib\ree_lib\de_hdl\ana_124_v_ctrl\dio_ap2151, from library ana_124_v_ctrl

Archiving cellview J:\ACLib\ree_lib\de_hdl\pas_151_capacitor\cappol, from library pas_151_capacitor

Archiving cellview J:\ACLib\ree_lib\de_hdl\dis_141_dio_rec\rclamp0582n, from library dis_141_dio_rec

Archiving cellview J:\ACLib\ree_lib\de_hdl\dis_141_dio_rec\tvsdiode, from library dis_141_dio_rec

Archiving cellview J:\ACLib\ree_lib\de_hdl\con_160_b_to_b\single_row_10, from library con_160_b_to_b

Archiving cellview J:\ACLib\ree_lib\de_hdl\con_160_b_to_b\single_row_8, from library con_160_b_to_b

Archiving cellview J:\ACLib\ree_lib\de_hdl\con_160_b_to_b\single_row_6, from library con_160_b_to_b

Archiving cellview J:\ACLib\ree_lib\de_hdl\oth_179_divers\solder_bridge, from library oth_179_divers

Archiving cellview J:\ACLib\ree_lib\de_hdl\con_160_b_to_b\single_row_4, from library con_160_b_to_b

Archiving cellview J:\ACLib\ree_lib\de_hdl\con_160_b_to_b\double_row_6_pmod_if, from library con_160_b_to_b

Archiving cellview J:\ACLib\ree_lib\de_hdl\dig_100_logic\busswitch, from library dig_100_logic

Archiving cellview J:\ACLib\ree_lib\de_hdl\oth_170_crystal\crystal_fa_xxx, from library oth_170_crystal

Archiving cellview J:\ACLib\ree_lib\de_hdl\con_161_interface\micro_usb_b_9pin, from library con_161_interface

Archiving cellview J:\ACLib\ree_lib\de_hdl\con_160_b_to_b\double_row_5, from library con_160_b_to_b

Archiving cellview J:\ACLib\ree_lib\de_hdl\con_160_b_to_b\double_row_4, from library con_160_b_to_b

Archiving cellview J:\ACLib\ree_lib\de_hdl\con_160_b_to_b\double_row_10, from library con_160_b_to_b

Archiving cellview J:\ACLib\ree_lib\de_hdl\dig_100_logic\ren_ra4m2, from library dig_100_logic

Archiving cellview J:\ACLib\ree_lib\de_hdl\dig_100_logic\ren_r7fa8d1bh2a_rev2_10, from library dig_100_logic

Archiving cellview J:\ACLib\ree_lib\de_hdl\dig_100_logic\busswitchquad, from library dig_100_logic

Archiving cellview J:\ACLib\ree_lib\de_hdl\pas_150_resistor\res8s, from library pas_150_resistor

Archiving cellview J:\ACLib\ree_lib\de_hdl\oth_180_switch\sw_dip8, from library oth_180_switch

Archiving cellview J:\ACLib\ree_lib\de_hdl\dis_141_dio_rec\dio_tvs, from library dis_141_dio_rec

Archiving cellview J:\ACLib\ree_lib\de_hdl\pas_152_inductor\ind, from library pas_152_inductor

Archiving cellview J:\ACLib\ree_lib\de_hdl\oth_170_crystal\crystal, from library oth_170_crystal

Archiving cellview J:\ACLib\ree_lib\de_hdl\oth_170_crystal\crystal_abm8_xx, from library oth_170_crystal

Archiving cellview J:\ACLib\ree_lib\de_hdl\con_160_b_to_b\double_row_20, from library con_160_b_to_b

Archiving cellview J:\ACLib\ree_lib\de_hdl\dis_141_dio_rec\dio, from library dis_141_dio_rec

Archiving cellview J:\ACLib\ree_lib\de_hdl\dig_100_logic\ren_ics1894_32, from library dig_100_logic

Archiving cellview J:\ACLib\ree_lib\de_hdl\oth_171_osci\ecs_ecs_1612mv, from library oth_171_osci

Archiving cellview J:\ACLib\ree_lib\de_hdl\con_161_interface\rj45_con_j0, from library con_161_interface

Archiving cellview J:\ACLib\ree_lib\de_hdl\dig_102_memory\s28hl512tfpbhi010, from library dig_102_memory

Archiving cellview J:\ACLib\ree_lib\de_hdl\pas_150_resistor\res4s, from library pas_150_resistor

Archiving cellview J:\ACLib\ree_lib\de_hdl\ana_122_dc_dc\ren_isl9008, from library ana_122_dc_dc

Archiving cellview J:\ACLib\ree_lib\de_hdl\con_160_b_to_b\sam_erx8_26pin, from library con_160_b_to_b

Archiving cellview J:\ACLib\ree_lib\de_hdl\dig_102_memory\issi512mbsdram_x16, from library dig_102_memory

Archiving cellview c:\cadence\spb_22.1\share\library\standard\origin, from library standard

Archiving cellview c:\cadence\spb_22.1\share\library\standard\offpage, from library standard

Archiving cellview J:\ACLib\ree_lib\de_hdl\oth_179_divers\vccxvx, from library oth_179_divers

Archiving cellview J:\ACLib\ree_lib\de_hdl\oth_179_divers\p5v0, from library oth_179_divers

Archiving cellview J:\ACLib\ree_lib\de_hdl\oth_179_divers\p3v3, from library oth_179_divers

Archiving cellview J:\ACLib\ree_lib\de_hdl\oth_179_divers\ground, from library oth_179_divers

Archiving cellview J:\ACLib\ree_lib\de_hdl\ree_999_border\initial_top_table, from library ree_999_border

Archiving cellview J:\ACLib\ree_lib\de_hdl\ree_999_border\frame_a3, from library ree_999_border

Archiving cellview J:\ACLib\ree_lib\de_hdl\ree_999_border\addon_top_table, from library ree_999_border

Executing compression command.....
cdszip -r "J:\td_v1\hw\proj_CAD_REE\rsk_team\ek_ra8d1_v0300_es\hw\cad_ek_ra8d1_v0300_es\cad_ek_ra8d1_v0300_es_compress" "cad_ek_ra8d1_v0300_es_archive" 
