(Cell	crystal

	(RevisionInfoBlock	

		(Baselined	1)

		(Revision	1.0.0)

		(ModificationStatus	NULL)

		(Status	Baselined)

		(ErrorStatus	0)

		(CreateInfo	

			(Time	03/05/07,13:57:03)

			(User	hagedornj)

			(Path	oscillator.crystal)

		)

	)

	(Views	

		(View	Symbol

			(Symbols	1

				(Symbol	sym_1

					(Symbol_Type	Normal)

					(Max_Size	0)

					(Checksum	000000003fc182d0)

					(RevisionInfoBlock	

						(Baselined	1)

						(Revision	1.0.0)

						(ModificationStatus	NULL)

						(Status	Baselined)

						(ErrorStatus	0)

						(CreateInfo	

							(Time	03/05/07,13:57:03)

							(User	hagedornj)

							(Path	oscillator.crystal)

						)

					)

				)

			)

			(Checksum	000000001ce703ac)

		)

		(View	Chips

			(Checksum	00000000a7136d77)

			(Primitives	1

				(Primitive	CRYSTAL_THT

					(RevisionInfoBlock	

						(Baselined	1)

						(Revision	1.0.0)

						(ModificationStatus	NULL)

						(Status	Baselined)

						(ErrorStatus	0)

						(CreateInfo	

							(Time	03/05/07,13:57:03)

							(User	hagedornj)

							(Path	oscillator.crystal)

						)

					)

					(LogicalPhysicalPartRelation	

						(LogicalPart	CRYSTAL

							(PackType	CRYSTAL_THT)

						)

					)

					(Packages	1

						(FunctionGroups	1

							(FunctionGroup	1[1]

								(Linkages	

									(Linkage	Symbol

										(Name	sym_1)

									)

								)

							)

						)

					)

				)

			)

		)

		(Checksum	000000001d9c03ab)

	)

	(VersionInfoBlock	

		(ToolName	PDV)

		(Version	16.5-S003 (v16-5-13M))

		(License	PCB_librarian_expert)

	)

	(Checksum	000000001cd603d8)

)


(Cell	crystal

	(RevisionInfoBlock	

		(Baselined	1)

		(Revision	1.0.0)

		(ModificationStatus	NULL)

		(Status	Baselined)

		(ErrorStatus	0)

		(CreateInfo	

			(Time	03/05/07,13:57:03)

			(User	hagedornj)

			(Path	oscillator.crystal)

		)

	)

	(Views	

		(View	Symbol

			(Symbols	1

				(Symbol	sym_1

					(Symbol_Type	Normal)

					(Max_Size	0)

					(Checksum	000000003fc182d0)

					(RevisionInfoBlock	

						(Baselined	1)

						(Revision	1.0.0)

						(ModificationStatus	NULL)

						(Status	Baselined)

						(ErrorStatus	0)

						(CreateInfo	

							(Time	03/05/07,13:57:03)

							(User	hagedornj)

							(Path	oscillator.crystal)

						)

					)

				)

			)

			(Checksum	000000001ce703ac)

		)

		(View	Chips

			(Checksum	00000000a7136d77)

			(Primitives	1

				(Primitive	CRYSTAL_THT

					(RevisionInfoBlock	

						(Baselined	1)

						(Revision	1.0.0)

						(ModificationStatus	NULL)

						(Status	Baselined)

						(ErrorStatus	0)

						(CreateInfo	

							(Time	03/05/07,13:57:03)

							(User	hagedornj)

							(Path	oscillator.crystal)

						)

					)

					(LogicalPhysicalPartRelation	

						(LogicalPart	CRYSTAL

							(PackType	CRYSTAL_THT)

						)

					)

					(Packages	1

						(FunctionGroups	1

							(FunctionGroup	1[1]

								(Linkages	

									(Linkage	Symbol

										(Name	sym_1)

									)

								)

							)

						)

					)

				)

			)

		)

		(Checksum	000000001d9c03ab)

	)

	(VersionInfoBlock	

		(ToolName	PDV)

		(Version	16.5-S003 (v16-5-13M))

		(License	PCB_librarian_expert)

	)

	(Checksum	000000001cd603d8)

)


