FILE_TYPE=LIBRARY_PARTS;
primitive 'REN_ISL9008_SMD';
  pin
    'VIN':
      PIN_NUMBER='(1)';
      PINUSE='POWER';
      NO_LOAD_CHECK='Both';
      NO_IO_CHECK='Both';
      NO_ASSERT_CHECK='TRUE';
      NO_DIR_CHECK='TRUE';
      ALLOW_CONNECT='TRUE';
    'GND':
      PIN_NUMBER='(2)';
      PINUSE='GROUND';
      NO_LOAD_CHECK='Both';
      NO_IO_CHECK='Both';
      NO_ASSERT_CHECK='TRUE';
      NO_DIR_CHECK='TRUE';
      ALLOW_CONNECT='TRUE';
    'EN':
      PIN_NUMBER='(3)';
      INPUT_LOAD='(-0.01,0.01)';
    'NC':
      PIN_NUMBER='(4)';
      PINUSE='NC';
      NO_LOAD_CHECK='Both';
      NO_IO_CHECK='Both';
      NO_ASSERT_CHECK='TRUE';
      NO_DIR_CHECK='TRUE';
      ALLOW_CONNECT='TRUE';
    'VO':
      PIN_NUMBER='(5)';
      OUTPUT_LOAD='(1.0,-1.0)';
  end_pin;
  body
    PART_NAME='REN_ISL9008';
    BODY_NAME='REN_ISL9008';
    PHYS_DES_PREFIX='IC';
    CLASS='IC';
  end_body;
end_primitive;

END.
