	(Comment
		(Time 01/14/22,15:11:37)
		(User a5050295)
		(MsgId ECO_021)
		(Text "Package BUSSWITCHQUAD added to cell")
		(Param1 "BUSSWITCHQUAD")
	)
	(Comment
		(Time 01/14/22,15:16:22)
		(User a5050295)
		(MsgId ECO_081)
		(Text "Symbol sym_1 added to cell")
		(Param1 "sym_1")
	)
	(Comment
		(Time 01/14/22,15:16:30)
		(User a5050295)
		(MsgId ECO_081)
		(Text "Symbol sym_2 added to cell")
		(Param1 "sym_2")
	)
	(Comment
		(Time 01/14/22,15:16:41)
		(User a5050295)
		(MsgId ECO_082)
		(Text "Symbol sym_2 deleted from cell")
		(Param1 "sym_2")
	)
	(Comment
		(Time 01/19/22,12:24:30)
		(User a5050295)
		(MsgId ECO_081)
		(Text "Symbol sym_2 added to cell")
		(Param1 "sym_2")
	)
	(Comment
		(Time 01/21/22,10:49:09)
		(User a5050295)
		(MsgId ECO_081)
		(Text "Symbol sym_3 added to cell")
		(Param1 "sym_3")
	)
