(---------------------------------------------------------------------)
(                                                                     )
(    Auto Silkscreen Log File                                         )
(                                                                     )
(    Drawing          : D018942_06_ek_ra8d1_20220706.brd              )
(    Software Version : 17.4S029                                      )
(    Date/Time        : Wed Jul  6 08:01:49 2022                      )
(                                                                     )
(---------------------------------------------------------------------)


Generating Auto Silkscreen for both sides of the board.

Copying all elements.

Element to Pad clearance is 0.000
Max Text displacement is 0.000
Min Line Length is 0.000
Allowing 0, 90, 180 and 270 degree text rotations.
Text Allowed Under Components.
Subclass Selections:
 Board Geometry       : Silkscreen
 Component Value      : Silkscreen
 Device Type          : Silkscreen
 Package Geometry     : Silkscreen
 Reference Designator : Silkscreen
 Tolerance            : Silkscreen
 User Part Number     : Silkscreen


     ----- Top Silkscreen -----


     ----- Bottom Silkscreen -----


Total Failures: 0

Log End

