INFO: Loaded existing device file 'C:\_work_proj_CAD_REE\ek_ra8d1_v0300_es\hw\cad_ek_ra8d1_v0300_es\worklib\ek_ra8d1\physical\devices.dml'
INFO: Loaded existing device file 'C:\_work_proj_CAD_REE\ek_ra8d1_v0300_es\hw\cad_ek_ra8d1_v0300_es\worklib\ek_ra8d1\physical\devices_dump.dml'
INFO: Finished loading SigNoise device libraries
INFO: Loaded existing device file 'C:\_work_proj_CAD_REE\ek_ra8d1_v0300_es\hw\cad_ek_ra8d1_v0300_es\worklib\ek_ra8d1\physical\devices.dml'
INFO: Loaded existing device file 'C:\_work_proj_CAD_REE\ek_ra8d1_v0300_es\hw\cad_ek_ra8d1_v0300_es\worklib\ek_ra8d1\physical\devices_dump.dml'
INFO: Finished loading SigNoise device libraries
INFO: Loaded existing device file 'C:\_work_proj_CAD_REE\ek_ra8d1_v0300_es\hw\cad_ek_ra8d1_v0300_es\worklib\ek_ra8d1\physical\devices.dml'
INFO: Loaded existing device file 'C:\_work_proj_CAD_REE\ek_ra8d1_v0300_es\hw\cad_ek_ra8d1_v0300_es\worklib\ek_ra8d1\physical\devices_dump.dml'
INFO: Finished loading SigNoise device libraries
INFO: Loaded existing device file 'C:\_work_proj_CAD_REE\ek_ra8d1_v0300_es\hw\cad_ek_ra8d1_v0300_es\worklib\ek_ra8d1\physical\devices.dml'
INFO: Loaded existing device file 'C:\_work_proj_CAD_REE\ek_ra8d1_v0300_es\hw\cad_ek_ra8d1_v0300_es\worklib\ek_ra8d1\physical\devices_dump.dml'
INFO: Finished loading SigNoise device libraries
INFO: Reading report definition file 'C:/Cadence/SPB_22.1/share/pcb/signal/reports.dat'.
INFO: Finished reading report definition file successfully.
INFO: Reading report definition file 'C:/Cadence/SPB_22.1/share/pcb/signal/custom_rep.dat'.
INFO: Finished reading report definition file successfully.
INFO: Loaded existing device file 'C:\_work_proj_CAD_REE\ek_ra8d1_v0300_es\hw\cad_ek_ra8d1_v0300_es\worklib\ek_ra8d1\physical\devices.dml'
INFO: Loaded existing device file 'C:\_work_proj_CAD_REE\ek_ra8d1_v0300_es\hw\cad_ek_ra8d1_v0300_es\worklib\ek_ra8d1\physical\devices_dump.dml'
INFO: Finished loading SigNoise device libraries
INFO: Loaded existing device file 'C:\_work_proj_CAD_REE\ek_ra8d1_v0300_es\hw\cad_ek_ra8d1_v0300_es\worklib\ek_ra8d1\physical\devices.dml'
INFO: Loaded existing device file 'C:\_work_proj_CAD_REE\ek_ra8d1_v0300_es\hw\cad_ek_ra8d1_v0300_es\worklib\ek_ra8d1\physical\devices_dump.dml'
INFO: Finished loading SigNoise device libraries
INFO: Loaded existing device file 'C:\_work_proj_CAD_REE\ek_ra8d1_v0300_es\hw\cad_ek_ra8d1_v0300_es\worklib\ek_ra8d1\physical\devices.dml'
INFO: Loaded existing device file 'C:\_work_proj_CAD_REE\ek_ra8d1_v0300_es\hw\cad_ek_ra8d1_v0300_es\worklib\ek_ra8d1\physical\devices_dump.dml'
INFO: Finished loading SigNoise device libraries
INFO: Loaded existing device file 'C:\_work_proj_CAD_REE\ek_ra8d1_v0300_es\hw\cad_ek_ra8d1_v0300_es\worklib\ek_ra8d1\physical\devices.dml'
INFO: Loaded existing device file 'C:\_work_proj_CAD_REE\ek_ra8d1_v0300_es\hw\cad_ek_ra8d1_v0300_es\worklib\ek_ra8d1\physical\devices_dump.dml'
INFO: Finished loading SigNoise device libraries
INFO: Loaded existing device file 'C:\_work_proj_CAD_REE\ek_ra8d1_v0300_es\hw\cad_ek_ra8d1_v0300_es\worklib\ek_ra8d1\physical\devices.dml'
INFO: Loaded existing device file 'C:\_work_proj_CAD_REE\ek_ra8d1_v0300_es\hw\cad_ek_ra8d1_v0300_es\worklib\ek_ra8d1\physical\devices_dump.dml'
INFO: Finished loading SigNoise device libraries
INFO: Loaded existing device file 'C:\_work_proj_CAD_REE\ek_ra8d1_v0300_es\hw\cad_ek_ra8d1_v0300_es\worklib\ek_ra8d1\physical\devices.dml'
INFO: Loaded existing device file 'C:\_work_proj_CAD_REE\ek_ra8d1_v0300_es\hw\cad_ek_ra8d1_v0300_es\worklib\ek_ra8d1\physical\devices_dump.dml'
INFO: Finished loading SigNoise device libraries
INFO: Loaded existing device file 'C:\_work_proj_CAD_REE\ek_ra8d1_v0300_es\hw\cad_ek_ra8d1_v0300_es\worklib\ek_ra8d1\physical\devices.dml'
INFO: Loaded existing device file 'C:\_work_proj_CAD_REE\ek_ra8d1_v0300_es\hw\cad_ek_ra8d1_v0300_es\worklib\ek_ra8d1\physical\devices_dump.dml'
INFO: Finished loading SigNoise device libraries
