(Cell	cappol

	(RevisionInfoBlock	

		(Baselined	1)

		(Revision	1.0.0)

		(ModificationStatus	NULL)

		(Status	Baselined)

		(ErrorStatus	0)

		(CreateInfo	

			(Time	04/18/12,11:22:42)

			(User	cdsadmin3)

			(Path	pas_151_capacitor.cappol)

		)

	)

	(Views	

		(View	Symbol

			(Symbols	4

				(Symbol	sym_1

					(Symbol_Type	Normal)

					(Max_Size	0)

					(Checksum	0000000095255917)

					(RevisionInfoBlock	

						(Baselined	1)

						(Revision	1.0.0)

						(ModificationStatus	NULL)

						(Status	Baselined)

						(ErrorStatus	0)

						(CreateInfo	

							(Time	04/18/12,11:22:42)

							(User	cdsadmin3)

							(Path	pas_151_capacitor.cappol)

						)

					)

				)

				(Symbol	sym_2

					(Symbol_Type	Normal)

					(Max_Size	0)

					(Checksum	0000000008165943)

					(RevisionInfoBlock	

						(Baselined	1)

						(Revision	1.0.0)

						(ModificationStatus	NULL)

						(Status	Baselined)

						(ErrorStatus	0)

						(CreateInfo	

							(Time	04/18/12,11:22:42)

							(User	cdsadmin3)

							(Path	pas_151_capacitor.cappol)

						)

					)

				)

				(Symbol	sym_3

					(Symbol_Type	Normal)

					(Max_Size	0)

					(Checksum	00000000f9d058ba)

					(RevisionInfoBlock	

						(Baselined	1)

						(Revision	1.0.0)

						(ModificationStatus	NULL)

						(Status	Baselined)

						(ErrorStatus	0)

						(CreateInfo	

							(Time	04/18/12,11:22:42)

							(User	cdsadmin3)

							(Path	pas_151_capacitor.cappol)

						)

					)

				)

				(Symbol	sym_4

					(Symbol_Type	Normal)

					(Max_Size	0)

					(Checksum	00000000e5be5a41)

					(RevisionInfoBlock	

						(Baselined	1)

						(Revision	1.0.0)

						(ModificationStatus	NULL)

						(Status	Baselined)

						(ErrorStatus	0)

						(CreateInfo	

							(Time	04/18/12,11:22:42)

							(User	cdsadmin3)

							(Path	pas_151_capacitor.cappol)

						)

					)

				)

			)

			(Checksum	000000001d9c03b6)

		)

		(View	Chips

			(Checksum	000000005d96970b)

			(Primitives	1

				(Primitive	CAPPOL_SMD

					(RevisionInfoBlock	

						(Baselined	1)

						(Revision	1.0.0)

						(ModificationStatus	NULL)

						(Status	Baselined)

						(ErrorStatus	0)

						(CreateInfo	

							(Time	04/18/12,11:22:42)

							(User	cdsadmin3)

							(Path	pas_151_capacitor.cappol)

						)

					)

					(LogicalPhysicalPartRelation	

						(LogicalPart	CAPPOL

							(PackType	CAPPOL_SMD)

							(PackType	CAPPOL_THT)

						)

					)

					(Packages	2

						(FunctionGroups	1

							(FunctionGroup	1[1]

								(Linkages	

									(Linkage	Symbol

										(Name	sym_1)

									)

									(Linkage	Symbol

										(Name	sym_2)

									)

									(Linkage	Symbol

										(Name	sym_3)

									)

									(Linkage	Symbol

										(Name	sym_4)

									)

								)

							)

						)

					)

				)

			)

		)

		(Checksum	000000001c6003ad)

	)

	(VersionInfoBlock	

		(ToolName	PDV)

		(Version	16.5-S003 (v16-5-13M))

		(License	PCB_librarian_expert)

	)

	(Checksum	000000001bc003a3)

)


