
	(Comment
		(Time 09/14/06,10:40:31)
		(User BWilke)
		(MsgId ECO_021)
		(Text "Package DIO_1 added to cell")
		(Param1 DIO_1)
	)




	(Comment
		(Time 10/02/06,13:07:52)
		(User BWilke)
		(MsgId ECO_022)
		(Text "Package DIO_THT deleted from cell")
		(Param1 DIO_THT)
	)

	(Comment
		(Time 10/02/06,13:08:54)
		(User BWilke)
		(MsgId ECO_021)
		(Text "Package DIO_1 added to cell")
		(Param1 DIO_1)
	)

	(Comment
		(Time 10/02/06,13:13:02)
		(User BWilke)
		(MsgId ECO_022)
		(Text "Package DIO_1_3KANC deleted from cell")
		(Param1 DIO_1_3KANC)
	)
	(Comment
		(Time 10/02/06,13:13:11)
		(User BWilke)
		(MsgId ECO_021)
		(Text "Package DIO_1 added to cell")
		(Param1 DIO_1)
	)




	(Comment
		(Time 03/22/07,16:49:38)
		(User hagedornj)
		(MsgId ECO_022)
		(Text "Package DIO_3KANC deleted from cell")
		(Param1 DIO_3KANC)
	)
