(Cell	single_row_3

	(RevisionInfoBlock	

		(Baselined	1)

		(Revision	1.0.0)

		(ModificationStatus	NULL)

		(Status	Baselined)

		(ErrorStatus	0)

		(CreateInfo	

			(Time	04/25/12,16:19:28)

			(User	cdsadmin3)

			(Path	con_160_b_to_b.single_row_3)

		)

	)

	(Views	

		(View	Symbol

			(Symbols	1

				(Symbol	sym_1

					(Symbol_Type	Normal)

					(Max_Size	0)

					(Checksum	00000000f4356432)

					(RevisionInfoBlock	

						(Baselined	1)

						(Revision	1.0.0)

						(ModificationStatus	NULL)

						(Status	Baselined)

						(ErrorStatus	0)

						(CreateInfo	

							(Time	04/25/12,16:19:28)

							(User	cdsadmin3)

							(Path	con_160_b_to_b.single_row_3)

						)

					)

				)

			)

			(Checksum	000000001bb30352)

		)

		(View	Chips

			(Checksum	00000000b3858b09)

			(Primitives	1

				(Primitive	SINGLE_ROW_3_THT

					(RevisionInfoBlock	

						(Baselined	1)

						(Revision	1.0.0)

						(ModificationStatus	NULL)

						(Status	Baselined)

						(ErrorStatus	0)

						(CreateInfo	

							(Time	04/25/12,16:19:28)

							(User	cdsadmin3)

							(Path	con_160_b_to_b.single_row_3)

						)

					)

					(LogicalPhysicalPartRelation	

						(LogicalPart	SINGLE_ROW_3

							(PackType	SINGLE_ROW_3_THT)

						)

					)

					(Packages	1

						(FunctionGroups	1

							(FunctionGroup	1[1]

								(Linkages	

									(Linkage	Symbol

										(Name	sym_1)

									)

								)

							)

						)

					)

				)

			)

		)

		(Checksum	000000001dd703e9)

	)

	(VersionInfoBlock	

		(ToolName	PDV)

		(Version	16.5-S003 (v16-5-13M))

		(License	PCB_librarian_expert)

	)

	(Checksum	000000001cdb03b2)

)


