	(Comment
		(Time 04/25/12,16:19:28)
		(User cdsadmin3)
		(MsgId ECO_332)
		(Text "Revision for symbol sym_1 has been updated to 1.0.0")
		(Param1 sym_1)
		(Param2 1.0.0)
	)
	(Comment
		(Time 04/25/12,16:19:28)
		(User cdsadmin3)
		(MsgId ECO_333)
		(Text "Revision for package SINGLE_ROW_3_THT has been updated to 1.0.0")
		(Param1 SINGLE_ROW_3_THT)
		(Param2 1.0.0)
	)
	(Comment
		(Time 04/25/12,16:19:28)
		(User cdsadmin3)
		(MsgId ECO_331)
		(Text "Revision for cell single_row_3 has been updated to 1.0.0")
		(Param1 single_row_3)
		(Param2 1.0.0)
	)
	(Comment
		(Time 09/25/18,08:27:46)
		(User Cdsadmin4)
		(MsgId ECO_081)
		(Text "Symbol sym_2 added to cell")
		(Param1 "sym_2")
	)
	(Comment
		(Time 09/25/18,08:31:10)
		(User Cdsadmin4)
		(MsgId ECO_082)
		(Text "Symbol sym_2 deleted from cell")
		(Param1 "sym_2")
	)
	(Comment
		(Time 09/25/18,08:31:18)
		(User Cdsadmin4)
		(MsgId ECO_081)
		(Text "Symbol sym_2 added to cell")
		(Param1 "sym_2")
	)
	(Comment
		(Time 09/25/18,08:47:43)
		(User Cdsadmin4)
		(MsgId ECO_081)
		(Text "Symbol sym_3 added to cell")
		(Param1 "sym_3")
	)
	(Comment
		(Time 09/25/18,08:50:31)
		(User Cdsadmin4)
		(MsgId ECO_082)
		(Text "Symbol sym_3 deleted from cell")
		(Param1 "sym_3")
	)
	(Comment
		(Time 09/25/18,09:05:19)
		(User Cdsadmin4)
		(MsgId ECO_081)
		(Text "Symbol sym_3 added to cell")
		(Param1 "sym_3")
	)
	(Comment
		(Time 09/25/18,10:19:24)
		(User Cdsadmin4)
		(MsgId ECO_082)
		(Text "Symbol sym_3 deleted from cell")
		(Param1 "sym_3")
	)
	(Comment
		(Time 09/25/18,10:19:30)
		(User Cdsadmin4)
		(MsgId ECO_082)
		(Text "Symbol sym_2 deleted from cell")
		(Param1 "sym_2")
	)
