

	(Comment
		(Time 03/27/12,09:53:49)
		(User cdsadmin3)
		(MsgId USR)
		(Text "new - text and ppt options setup - RR")
	)
	(Comment
		(Time 03/27/12,09:53:55)
		(User cdsadmin3)
		(MsgId ECO_332)
		(Text "Revision for symbol sym_1 has been updated to 1.0.0")
		(Param1 sym_1)
		(Param2 1.0.0)
	)
	(Comment
		(Time 03/27/12,09:53:55)
		(User cdsadmin3)
		(MsgId ECO_332)
		(Text "Revision for symbol sym_2 has been updated to 1.0.0")
		(Param1 sym_2)
		(Param2 1.0.0)
	)
	(Comment
		(Time 03/27/12,09:53:55)
		(User cdsadmin3)
		(MsgId ECO_332)
		(Text "Revision for symbol sym_3 has been updated to 1.0.0")
		(Param1 sym_3)
		(Param2 1.0.0)
	)
	(Comment
		(Time 03/27/12,09:53:55)
		(User cdsadmin3)
		(MsgId ECO_332)
		(Text "Revision for symbol sym_4 has been updated to 1.0.0")
		(Param1 sym_4)
		(Param2 1.0.0)
	)
	(Comment
		(Time 03/27/12,09:53:55)
		(User cdsadmin3)
		(MsgId ECO_333)
		(Text "Revision for package RES_SMD has been updated to 1.0.0")
		(Param1 RES_SMD)
		(Param2 1.0.0)
	)
	(Comment
		(Time 03/27/12,09:53:55)
		(User cdsadmin3)
		(MsgId ECO_331)
		(Text "Revision for cell res has been updated to 1.0.0")
		(Param1 res)
		(Param2 1.0.0)
	)



	(Comment
		(Time 05/28/13,17:00:15)
		(User cdsadmin3)
		(MsgId ECO_030)
		(Text "Alias RES_THT added to package RES_SMD")
		(Param1 "RES_THT")
		(Param2 "RES_SMD")
	)
	(Comment
		(Time 05/28/13,17:00:15)
		(User cdsadmin3)
		(MsgId ECO_039.1)
		(Text "Pin type of logical pin A in slot S1 of package RES_SMD changed from BIDIR to UNSPEC")
		(Param1 "A")
		(Param2 "S1")
		(Param3 "RES_SMD")
		(Param4 "BIDIR")
		(Param5 "UNSPEC")
	)
	(Comment
		(Time 05/28/13,17:00:15)
		(User cdsadmin3)
		(MsgId ECO_028.1)
		(Text "Property INPUT_LOAD deleted from pin A in slot S1 of package RES_SMD")
		(Param1 "INPUT_LOAD")
		(Param2 "A")
		(Param3 "S1")
		(Param4 "RES_SMD")
	)
	(Comment
		(Time 05/28/13,17:00:15)
		(User cdsadmin3)
		(MsgId ECO_028.1)
		(Text "Property OUTPUT_LOAD deleted from pin A in slot S1 of package RES_SMD")
		(Param1 "OUTPUT_LOAD")
		(Param2 "A")
		(Param3 "S1")
		(Param4 "RES_SMD")
	)
	(Comment
		(Time 05/28/13,17:00:15)
		(User cdsadmin3)
		(MsgId ECO_027.1)
		(Text "Property NO_LOAD_CHECK with value Both added to pin A in slot S1 of package RES_SMD")
		(Param1 "NO_LOAD_CHECK")
		(Param2 "Both")
		(Param3 "A")
		(Param4 "S1")
		(Param5 "RES_SMD")
	)
	(Comment
		(Time 05/28/13,17:00:15)
		(User cdsadmin3)
		(MsgId ECO_027.1)
		(Text "Property NO_IO_CHECK with value Both added to pin A in slot S1 of package RES_SMD")
		(Param1 "NO_IO_CHECK")
		(Param2 "Both")
		(Param3 "A")
		(Param4 "S1")
		(Param5 "RES_SMD")
	)
	(Comment
		(Time 05/28/13,17:00:15)
		(User cdsadmin3)
		(MsgId ECO_027.1)
		(Text "Property NO_ASSERT_CHECK with value TRUE added to pin A in slot S1 of package RES_SMD")
		(Param1 "NO_ASSERT_CHECK")
		(Param2 "TRUE")
		(Param3 "A")
		(Param4 "S1")
		(Param5 "RES_SMD")
	)
	(Comment
		(Time 05/28/13,17:00:15)
		(User cdsadmin3)
		(MsgId ECO_027.1)
		(Text "Property NO_DIR_CHECK with value TRUE added to pin A in slot S1 of package RES_SMD")
		(Param1 "NO_DIR_CHECK")
		(Param2 "TRUE")
		(Param3 "A")
		(Param4 "S1")
		(Param5 "RES_SMD")
	)
	(Comment
		(Time 05/28/13,17:00:15)
		(User cdsadmin3)
		(MsgId ECO_027.1)
		(Text "Property ALLOW_CONNECT with value TRUE added to pin A in slot S1 of package RES_SMD")
		(Param1 "ALLOW_CONNECT")
		(Param2 "TRUE")
		(Param3 "A")
		(Param4 "S1")
		(Param5 "RES_SMD")
	)
	(Comment
		(Time 05/28/13,17:00:15)
		(User cdsadmin3)
		(MsgId ECO_039.1)
		(Text "Pin type of logical pin B in slot S1 of package RES_SMD changed from BIDIR to UNSPEC")
		(Param1 "B")
		(Param2 "S1")
		(Param3 "RES_SMD")
		(Param4 "BIDIR")
		(Param5 "UNSPEC")
	)
	(Comment
		(Time 05/28/13,17:00:15)
		(User cdsadmin3)
		(MsgId ECO_028.1)
		(Text "Property INPUT_LOAD deleted from pin B in slot S1 of package RES_SMD")
		(Param1 "INPUT_LOAD")
		(Param2 "B")
		(Param3 "S1")
		(Param4 "RES_SMD")
	)
	(Comment
		(Time 05/28/13,17:00:15)
		(User cdsadmin3)
		(MsgId ECO_028.1)
		(Text "Property OUTPUT_LOAD deleted from pin B in slot S1 of package RES_SMD")
		(Param1 "OUTPUT_LOAD")
		(Param2 "B")
		(Param3 "S1")
		(Param4 "RES_SMD")
	)
	(Comment
		(Time 05/28/13,17:00:15)
		(User cdsadmin3)
		(MsgId ECO_027.1)
		(Text "Property NO_LOAD_CHECK with value Both added to pin B in slot S1 of package RES_SMD")
		(Param1 "NO_LOAD_CHECK")
		(Param2 "Both")
		(Param3 "B")
		(Param4 "S1")
		(Param5 "RES_SMD")
	)
	(Comment
		(Time 05/28/13,17:00:15)
		(User cdsadmin3)
		(MsgId ECO_027.1)
		(Text "Property NO_IO_CHECK with value Both added to pin B in slot S1 of package RES_SMD")
		(Param1 "NO_IO_CHECK")
		(Param2 "Both")
		(Param3 "B")
		(Param4 "S1")
		(Param5 "RES_SMD")
	)
	(Comment
		(Time 05/28/13,17:00:15)
		(User cdsadmin3)
		(MsgId ECO_027.1)
		(Text "Property NO_ASSERT_CHECK with value TRUE added to pin B in slot S1 of package RES_SMD")
		(Param1 "NO_ASSERT_CHECK")
		(Param2 "TRUE")
		(Param3 "B")
		(Param4 "S1")
		(Param5 "RES_SMD")
	)
	(Comment
		(Time 05/28/13,17:00:15)
		(User cdsadmin3)
		(MsgId ECO_027.1)
		(Text "Property NO_DIR_CHECK with value TRUE added to pin B in slot S1 of package RES_SMD")
		(Param1 "NO_DIR_CHECK")
		(Param2 "TRUE")
		(Param3 "B")
		(Param4 "S1")
		(Param5 "RES_SMD")
	)
	(Comment
		(Time 05/28/13,17:00:15)
		(User cdsadmin3)
		(MsgId ECO_027.1)
		(Text "Property ALLOW_CONNECT with value TRUE added to pin B in slot S1 of package RES_SMD")
		(Param1 "ALLOW_CONNECT")
		(Param2 "TRUE")
		(Param3 "B")
		(Param4 "S1")
		(Param5 "RES_SMD")
	)
	(Comment
		(Time 05/28/13,17:00:15)
		(User cdsadmin3)
		(MsgId ECO_126)
		(Text "Pin shape has been modified from Line to 1l_line for pin A in symbol sym_1")
		(Param1 "Line")
		(Param2 "1l_line")
		(Param3 "A")
		(Param4 "sym_1")
	)
	(Comment
		(Time 05/28/13,17:00:15)
		(User cdsadmin3)
		(MsgId ECO_126)
		(Text "Pin shape has been modified from Line to 1l_line for pin B in symbol sym_1")
		(Param1 "Line")
		(Param2 "1l_line")
		(Param3 "B")
		(Param4 "sym_1")
	)
	(Comment
		(Time 05/28/13,17:00:15)
		(User cdsadmin3)
		(MsgId ECO_094)
		(Text "Graphics in symbol  modified")
		(Param1 "")
	)
	(Comment
		(Time 05/28/13,17:00:15)
		(User cdsadmin3)
		(MsgId ECO_126)
		(Text "Pin shape has been modified from Line to 1l_line for pin A in symbol sym_4")
		(Param1 "Line")
		(Param2 "1l_line")
		(Param3 "A")
		(Param4 "sym_4")
	)
	(Comment
		(Time 05/28/13,17:00:15)
		(User cdsadmin3)
		(MsgId ECO_126)
		(Text "Pin shape has been modified from Line to 1l_line for pin B in symbol sym_4")
		(Param1 "Line")
		(Param2 "1l_line")
		(Param3 "B")
		(Param4 "sym_4")
	)
	(Comment
		(Time 05/28/13,17:00:15)
		(User cdsadmin3)
		(MsgId ECO_094)
		(Text "Graphics in symbol  modified")
		(Param1 "")
	)
	(Comment
		(Time 05/28/13,17:00:15)
		(User cdsadmin3)
		(MsgId ECO_126)
		(Text "Pin shape has been modified from Line to 1l_line for pin A in symbol sym_3")
		(Param1 "Line")
		(Param2 "1l_line")
		(Param3 "A")
		(Param4 "sym_3")
	)
	(Comment
		(Time 05/28/13,17:00:15)
		(User cdsadmin3)
		(MsgId ECO_126)
		(Text "Pin shape has been modified from Line to 1l_line for pin B in symbol sym_3")
		(Param1 "Line")
		(Param2 "1l_line")
		(Param3 "B")
		(Param4 "sym_3")
	)
	(Comment
		(Time 05/28/13,17:00:15)
		(User cdsadmin3)
		(MsgId ECO_094)
		(Text "Graphics in symbol  modified")
		(Param1 "")
	)
	(Comment
		(Time 05/28/13,17:00:15)
		(User cdsadmin3)
		(MsgId ECO_126)
		(Text "Pin shape has been modified from Line to 1l_line for pin A in symbol sym_2")
		(Param1 "Line")
		(Param2 "1l_line")
		(Param3 "A")
		(Param4 "sym_2")
	)
	(Comment
		(Time 05/28/13,17:00:15)
		(User cdsadmin3)
		(MsgId ECO_126)
		(Text "Pin shape has been modified from Line to 1l_line for pin B in symbol sym_2")
		(Param1 "Line")
		(Param2 "1l_line")
		(Param3 "B")
		(Param4 "sym_2")
	)
	(Comment
		(Time 05/28/13,17:00:15)
		(User cdsadmin3)
		(MsgId ECO_094)
		(Text "Graphics in symbol  modified")
		(Param1 "")
	)
	(Comment
		(Time 05/28/13,17:00:15)
		(User cdsadmin3)
		(MsgId ECO_332)
		(Text "Revision for symbol sym_1 has been updated to 2.0.0")
		(Param1 "sym_1")
		(Param2 "2.0.0")
	)
	(Comment
		(Time 05/28/13,17:00:15)
		(User cdsadmin3)
		(MsgId ECO_332)
		(Text "Revision for symbol sym_4 has been updated to 2.0.0")
		(Param1 "sym_4")
		(Param2 "2.0.0")
	)
	(Comment
		(Time 05/28/13,17:00:15)
		(User cdsadmin3)
		(MsgId ECO_332)
		(Text "Revision for symbol sym_3 has been updated to 2.0.0")
		(Param1 "sym_3")
		(Param2 "2.0.0")
	)
	(Comment
		(Time 05/28/13,17:00:15)
		(User cdsadmin3)
		(MsgId ECO_332)
		(Text "Revision for symbol sym_2 has been updated to 2.0.0")
		(Param1 "sym_2")
		(Param2 "2.0.0")
	)
	(Comment
		(Time 05/28/13,17:00:15)
		(User cdsadmin3)
		(MsgId ECO_333)
		(Text "Revision for package RES_SMD has been updated to 2.0.0")
		(Param1 "RES_SMD")
		(Param2 "2.0.0")
	)
	(Comment
		(Time 05/28/13,17:00:15)
		(User cdsadmin3)
		(MsgId ECO_331)
		(Text "Revision for cell res has been updated to 2.0.0")
		(Param1 "res")
		(Param2 "2.0.0")
	)

