FILE_TYPE=LIBRARY_PARTS;
primitive 'DIO_AP2151_SMD';
  pin
    'OUT':
      PIN_NUMBER='(1)';
      OUTPUT_LOAD='(1.0,-1.0)';
    'GND':
      PIN_NUMBER='(2)';
      PINUSE='GROUND';
      NO_LOAD_CHECK='Both';
      NO_IO_CHECK='Both';
      NO_ASSERT_CHECK='TRUE';
      NO_DIR_CHECK='TRUE';
      ALLOW_CONNECT='TRUE';
    'FLG':
      PIN_NUMBER='(3)';
      INPUT_LOAD='(-0.01,0.01)';
    'EN':
      PIN_NUMBER='(4)';
      OUTPUT_LOAD='(1.0,-1.0)';
    'IN':
      PIN_NUMBER='(5)';
      INPUT_LOAD='(-0.01,0.01)';
  end_pin;
  body
    PART_NAME='DIO_AP2151';
    BODY_NAME='DIO_AP2151';
    PHYS_DES_PREFIX='IC';
    CLASS='IC';
  end_body;
end_primitive;

END.
