(Cell	single_row_2

	(RevisionInfoBlock	

		(Baselined	1)

		(Revision	1.0.0)

		(ModificationStatus	NULL)

		(Status	Baselined)

		(ErrorStatus	0)

		(CreateInfo	

			(Time	04/25/12,16:18:02)

			(User	cdsadmin3)

			(Path	con_160_b_to_b.single_row_2)

		)

	)

	(Views	

		(View	Symbol

			(Symbols	2

				(Symbol	sym_2

					(Symbol_Type	Normal)

					(Max_Size	0)

					(Checksum	00000000e26a5132)

					(RevisionInfoBlock	

						(Baselined	1)

						(Revision	1.0.0)

						(ModificationStatus	NULL)

						(Status	Baselined)

						(ErrorStatus	0)

						(CreateInfo	

							(Time	04/25/12,16:18:02)

							(User	cdsadmin3)

							(Path	con_160_b_to_b.single_row_2)

						)

					)

				)

				(Symbol	sym_1

					(Symbol_Type	Normal)

					(Max_Size	0)

					(Checksum	0000000015e451e7)

					(RevisionInfoBlock	

						(Baselined	1)

						(Revision	1.0.0)

						(ModificationStatus	NULL)

						(Status	Baselined)

						(ErrorStatus	0)

						(CreateInfo	

							(Time	04/25/12,16:18:02)

							(User	cdsadmin3)

							(Path	con_160_b_to_b.single_row_2)

						)

					)

				)

			)

			(Checksum	000000001d7103b6)

		)

		(View	Chips

			(Checksum	000000003bf07086)

			(Primitives	1

				(Primitive	SINGLE_ROW_2_THT

					(RevisionInfoBlock	

						(Baselined	1)

						(Revision	1.0.0)

						(ModificationStatus	NULL)

						(Status	Baselined)

						(ErrorStatus	0)

						(CreateInfo	

							(Time	04/25/12,16:18:02)

							(User	cdsadmin3)

							(Path	con_160_b_to_b.single_row_2)

						)

					)

					(LogicalPhysicalPartRelation	

						(LogicalPart	SINGLE_ROW_2

							(PackType	SINGLE_ROW_2_THT)

						)

					)

					(Packages	1

						(FunctionGroups	1

							(FunctionGroup	1[1]

								(Linkages	

									(Linkage	Symbol

										(Name	sym_2)

									)

									(Linkage	Symbol

										(Name	sym_1)

									)

								)

							)

						)

					)

				)

			)

		)

		(Checksum	000000001a810357)

	)

	(VersionInfoBlock	

		(ToolName	PDV)

		(Version	16.5-S003 (v16-5-13M))

		(License	PCB_librarian_expert)

	)

	(Checksum	000000001b3e034b)

)


