	(Comment
		(Time 08/09/21,15:45:28)
		(User a5050295)
		(MsgId ECO_021)
		(Text "Package REN_ICS1894_32 added to cell")
		(Param1 "REN_ICS1894_32")
	)
	(Comment
		(Time 08/09/21,15:49:08)
		(User a5050295)
		(MsgId ECO_081)
		(Text "Symbol sym_1 added to cell")
		(Param1 "sym_1")
	)
	(Comment
		(Time 08/10/21,11:09:35)
		(User a5050295)
		(MsgId ECO_081)
		(Text "Symbol sym_2 added to cell")
		(Param1 "sym_2")
	)
	(Comment
		(Time 08/10/21,11:37:18)
		(User a5050295)
		(MsgId ECO_082)
		(Text "Symbol sym_1 deleted from cell")
		(Param1 "sym_1")
	)
